rrd69_1 4683 5258
rrd69_1 5351 5539
rrd69_1 5499 6074
rrd69_1 6203 6862
rrd69_1 6877 8031
rrd69_1 8037 9170
rrd69_1 9202 10749
rrd69_1 10761 11285
rrd69_1 11497 11976
rrd69_1 12017 13225
rrd69_1 13253 14722
rrd69_1 14929 15486
rrd69_1 15691 16137
rrd69_1 16240 17061
rrd69_1 17081 17344
rrd69_1 17357 17569
rrd69_1 17606 17746
rrd69_1 17746 18066
rrd69_1 18080 19465
rrd69_1 19499 20629
rrd69_1 20637 20810
rrd69_1 20807 21136
rrd69_1 21147 22025
rrd69_1 22041 22424
rrd69_1 22436 23359
rrd69_1 23346 24392
rrd69_1 24385 24807
rrd69_1 24822 25088
rrd69_1 25085 26095
rrd69_1 26108 26776
rrd69_1 26769 30617
rrd69_1 30787 30942
rrd69_1 30966 31406
rrd69_1 31925 32368
rrd69_1 32370 33716
rrd69_1 33720 33932
rrd69_1 33919 34374
rrd69_1 34379 34876
rrd69_1 34873 35229
rrd69_1 35226 35609
rrd69_1 35623 36546
rrd69_1 36569 37660
rrd69_1 37696 39153
rrd69_1 39150 40463
rrd69_1 40460 41107
rrd69_1 41260 41778
rrd69_1 41903 42109
rrd69_1 42106 42510
rrd69_1 42525 42623
rrd69_1 42613 42810
rrd69_1 42785 42937
rrd69_1 42956 43195
rrd69_1 43356 43733
rrd69_1 43977 44327
rrd69_1 44473 45471
rrd69_1 45512 45985
rrd69_1 46157 46990
rrd69_1 47118 48260
rrd69_1 48326 48718
rrd69_1 48919 49908
rrd69_1 49964 50488
rrd69_1 50579 52567
rrd69_1 52938 54914
rrd69_1 55091 57079
rrd69_1 57206 59197
rrd69_1 59354 60094
rrd69_1 60116 60364
rrd69_1 60389 61420
rrd69_1 61435 61836
rrd69_1 61972 63264
rrd69_1 63314 63997
rrd69_1 64070 64294
rrd69_1 64421 65407
rrd69_1 65404 65805
rrd69_1 65835 66053
rrd69_1 66169 67524
rrd69_1 67651 68823
rrd69_1 68943 70106
rrd69_1 70251 70487
rrd69_1 70554 70946
rrd69_1 71145 72338
rrd69_1 72339 72839
rrd69_1 73018 73842
rrd69_1 73839 74099
rrd69_1 74183 75358
rrd69_1 75492 76784
rrd69_1 76785 76961
rrd69_1 77055 77447
rrd69_1 77444 78070
rrd69_1 78271 79458
rrd69_1 79600 80355
rrd69_1 80352 81467
rrd69_1 81486 81896
rrd69_1 81940 82497
rrd69_1 82683 84284
rrd69_1 84277 84984
rrd69_1 85380 86462
rrd69_1 86622 88157
rrd69_1 88150 89196
rrd69_1 89197 90156
rrd69_1 90336 91673
rrd69_1 91745 91954
rrd69_1 92174 94585
rrd69_1 94582 95013
rrd69_1 95013 95354
rrd69_1 95347 96825
rrd69_1 96832 97311
rrd69_1 97311 97592
rrd69_1 97576 97950
rrd69_1 98041 98430
rrd69_1 98454 99095
rrd69_1 99176 101482
rrd69_1 101496 101666
rrd69_1 101644 102567
rrd69_1 102719 102859
rrd69_1 103365 103718
rrd69_1 103755 104981
rrd69_1 105122 106591
rrd69_1 106609 107160
rrd69_1 107221 107628
rrd69_1 107656 107904
rrd69_1 107999 108220
rrd69_1 108322 108543
rrd69_1 108612 109715
rrd69_1 109900 110199
rrd69_1 110317 111801
rrd69_1 111798 112331
rrd69_1 112476 113243
rrd69_1 113323 113820
rrd69_1 113801 116698
rrd69_1 116695 121170
rrd69_1 121222 122535
rrd69_1 122550 122789
rrd69_1 122885 123178
rrd69_1 123586 124815
rrd69_1 124926 126062
rrd69_1 126179 126775
rrd69_1 126823 128151
rrd69_1 128291 129781
rrd69_1 130108 130584
rrd69_1 130626 131270
rrd69_1 131370 131690
rrd69_1 131772 131897
rrd69_1 132033 133244
rrd69_1 133641 134639
rrd69_1 134686 134892
rrd69_1 135095 135511
rrd69_1 135630 136365
rrd69_1 136399 136837
rrd69_1 136955 137974
rrd69_1 138185 138502
rrd69_1 138507 139373
rrd69_1 140009 140371
rrd69_1 140445 141299
rrd69_1 141570 141806
rrd69_1 142062 143129
rrd69_1 143178 143408
rrd69_1 143508 143837
rrd69_1 144022 144258
rrd69_1 144303 146273
rrd69_1 146376 147308
rrd69_1 147305 148366
rrd69_1 148366 149667
rrd69_1 149890 150858
rrd69_1 150933 151973
rrd69_1 152018 152587
rrd69_1 152630 153400
rrd69_1 153422 153856
rrd69_1 153876 154151
rrd69_1 154272 154907
rrd69_1 154947 155843
rrd69_1 156131 157111
rrd69_1 157182 157412
rrd69_1 157637 158101
rrd69_1 158180 158950
rrd69_1 159020 159325
rrd69_1 159393 160766
rrd69_1 160830 161681
rrd69_1 161999 163171
rrd69_1 163236 164393
rrd69_1 164442 165635
rrd69_1 165799 167025
rrd69_1 167209 168087
rrd69_1 168208 168666
rrd69_1 168835 169344
rrd69_1 169422 170186
rrd69_1 170232 170951
rrd69_1 170973 172010
rrd69_1 172003 173019
rrd69_1 173090 174043
rrd69_1 174183 175085
rrd69_1 175157 176068
rrd69_1 176565 177371
rrd69_1 177588 178016
rrd69_1 178055 179362
rrd69_1 179349 180044
rrd69_1 180282 181487
rrd69_1 181566 182504
rrd69_1 182588 183232
rrd69_1 183311 185167
rrd69_1 185225 185791
rrd69_1 185938 186540
rrd69_1 186576 186803
rrd69_1 186946 188343
rrd69_1 188361 188807
rrd69_1 188797 190017
rrd69_1 190017 191330
rrd69_1 191349 192134
rrd69_1 192698 193072
rrd69_1 193376 194197
rrd69_1 194212 194880
rrd69_1 194873 195898
rrd69_1 196265 196606
rrd69_1 196727 197029
rrd69_1 197041 197385
rrd69_1 197513 197749
rrd69_1 197794 198177
rrd69_1 198244 198603
rrd69_1 198711 200492
rrd69_1 200507 201682
rrd69_1 201695 204082
rrd69_1 204282 204419
rrd69_1 204433 204681
rrd69_1 204694 205041
rrd69_1 205073 205324
rrd69_1 205397 206227
rrd69_1 206372 206821
rrd69_1 206932 207774
rrd69_1 208018 209388
rrd69_1 209726 210400
rrd69_1 210397 211728
rrd69_1 211750 211914
rrd69_1 212143 212985
rrd69_1 213099 214493
rrd69_1 214581 214748
rrd69_1 214864 216288
rrd69_1 216275 217369
rrd69_1 217366 218484
rrd69_1 218525 218893
rrd69_1 218936 219571
rrd69_1 219568 220632
rrd69_1 220629 221357
rrd69_1 221424 222293
rrd69_1 222405 223070
rrd69_1 223086 223481
rrd69_1 223647 224216
rrd69_1 224406 225152
rrd69_1 225189 226193
rrd69_1 226169 227515
rrd69_1 227541 229325
rrd69_1 229472 230647
rrd69_1 230647 232050
rrd69_1 232122 233294
rrd69_1 233299 234201
rrd69_1 234381 235667
rrd69_1 235664 236722
rrd69_1 236688 237638
rrd69_1 237810 239201
rrd69_1 239222 240715
rrd69_1 240712 242163
rrd69_1 242223 243233
rrd69_1 243301 244737
rrd69_1 244874 246628
rrd69_1 246632 247354
rrd69_1 247533 248348
rrd69_1 248370 249392
rrd69_1 249393 250445
rrd69_1 250705 251643
rrd69_1 251681 253090
rrd69_1 253584 253727
rrd69_1 253810 254238
rrd69_1 254410 254901
rrd69_1 255025 256875
rrd69_1 256991 257767
rrd69_1 257767 258432
rrd69_1 258613 259458
rrd69_1 259527 260396
rrd69_1 260460 262475
rrd69_1 262792 263403
rrd69_1 263749 264162
rrd69_1 264159 264845
rrd69_1 264992 267091
rrd69_1 267513 268256
rrd69_1 268256 269128
rrd69_1 269142 270080
rrd69_1 270119 270667
rrd69_1 270756 271364
rrd69_1 271585 272520
rrd69_1 272517 273833
rrd69_1 273951 275396
rrd69_1 275413 276690
rrd69_1 277129 277326
rrd69_1 277323 279758
rrd69_1 279843 280049
rrd69_1 280133 280438
rrd69_1 280536 280991
rrd69_1 281247 282845
rrd69_1 282910 283065
rrd69_1 283085 283330
rrd69_1 283433 283999
rrd69_1 284427 285263
rrd69_1 285919 286389
rrd69_1 286529 288868
rrd69_1 288888 289634
rrd69_1 289758 289991
rrd69_1 290179 290469
rrd69_1 290507 290740
rrd69_1 290895 291299
rrd69_1 291430 291831
rrd69_1 291914 292234
rrd69_1 292316 293005
rrd69_1 293027 293944
rrd69_1 293958 294611
rrd69_1 294625 295773
rrd69_1 296043 296579
rrd69_1 296634 297269
rrd69_1 297388 297852
rrd69_1 297868 298332
rrd69_1 298353 298634
rrd69_1 298635 299000
rrd69_1 298997 300394
rrd69_1 300366 301133
rrd69_1 301193 301462
rrd69_1 301743 303035
rrd69_1 303065 304600
rrd69_1 304593 305354
rrd69_1 305385 306569
rrd69_1 306783 307790
rrd69_1 307822 308859
rrd69_1 309148 310569
rrd69_1 310671 311864
rrd69_1 312074 313504
rrd69_1 313532 314269
rrd69_1 314443 315741
rrd69_1 315812 316027
rrd69_1 316052 317377
rrd69_1 317441 318256
rrd69_1 318270 319076
rrd69_1 319090 319923
rrd69_1 319920 320864
rrd69_1 320883 322502
rrd69_1 322667 323830
rrd69_1 323827 324516
rrd69_1 324479 325072
rrd69_1 325093 326622
rrd69_1 326651 327679
rrd69_1 327679 328707
rrd69_1 328735 329838
rrd69_1 329853 330983
rrd69_1 330976 331815
rrd69_1 331818 332957
rrd69_1 332923 334797
rrd69_1 334963 335646
rrd69_1 335636 336367
rrd69_1 336625 337095
rrd69_1 337355 337579
rrd69_1 337722 338618
rrd69_1 338635 339636
rrd69_1 339633 340661
rrd69_1 340995 342404
rrd69_1 342421 344010
rrd69_1 344315 345085
rrd69_1 345079 345897
rrd69_1 345860 346747
rrd69_1 346753 347682
rrd69_1 347698 349341
rrd69_1 349631 350800
rrd69_1 350987 351538
rrd69_1 351639 351821
rrd69_1 352367 352963
rrd69_1 353019 353597
rrd69_1 353734 354075
rrd69_1 354300 355922
rrd69_1 355960 356541
rrd69_1 357105 358082
rrd69_1 358263 358751
rrd69_1 358804 359547
rrd69_1 359586 359843
rrd69_1 359870 360820
rrd69_1 360838 361797
rrd69_1 361798 362721
rrd69_1 362725 363189
rrd69_1 363547 364530
rrd69_1 364732 366108
rrd69_1 366473 367933
rrd69_1 368064 368693
rrd69_1 368690 369448
rrd69_1 369445 370182
rrd69_1 370179 370817
rrd69_1 370817 371401
rrd69_1 371398 372687
rrd69_1 372684 373331
rrd69_1 373324 374499
rrd69_1 374730 375521
rrd69_1 375553 376194
rrd69_1 376282 376710
rrd69_1 376780 377298
rrd69_1 377300 377950
rrd69_1 377947 378891
rrd69_1 378908 379732
rrd69_1 379744 380676
rrd69_1 380853 382043
rrd69_1 382043 382768
rrd69_1 382787 383512
rrd69_1 383541 387395
rrd69_1 387490 387876
rrd69_1 387877 388071
rrd69_1 388078 389169
rrd69_1 389181 389516
rrd69_1 389714 389944
rrd69_1 389977 392853
rrd69_1 392861 394846
rrd69_1 395136 395381
rrd69_1 395663 398188
rrd69_1 398279 398851
rrd69_1 398892 400226
rrd69_1 400495 401478
rrd69_1 401475 402161
rrd69_1 402158 403594
rrd69_1 403725 405848
rrd69_1 405880 406872
rrd69_1 406921 408270
rrd69_1 408662 409336
rrd69_1 409557 409922
rrd69_1 409932 411119
rrd69_1 411188 411541
rrd69_1 411886 413334
rrd69_1 413488 414228
rrd69_1 414277 415539
rrd69_1 415654 416544
rrd69_1 416537 417223
rrd69_1 417606 417935
rrd69_1 417984 418832
rrd69_1 419022 419756
rrd69_1 419971 421764
rrd69_1 421889 422990
rrd69_1 423058 425583
rrd69_1 425782 426345
rrd69_1 426535 428220
rrd69_1 428254 428643
rrd69_1 428648 428989
rrd69_1 428986 429390
rrd69_1 429408 430934
rrd69_1 430951 431292
rrd69_1 431446 431670
rrd69_1 431664 432098
rrd69_1 432127 432705
rrd69_1 432752 433663
rrd69_1 433672 435192
rrd69_1 435208 435690
rrd69_1 435709 435972
rrd69_1 436052 436471
rrd69_1 436528 437214
rrd69_1 437211 437504
rrd69_1 437569 438930
rrd69_1 439068 439910
rrd69_1 440122 440811
rrd69_1 440876 442051
rrd69_1 442273 442941
rrd69_1 442926 444023
rrd69_1 444061 445128
rrd69_1 445263 446462
rrd69_1 446479 447234
rrd69_1 447259 447936
rrd69_1 447998 449464
rrd69_1 449500 450429
rrd69_1 450444 451781
rrd69_1 451857 453041
rrd69_1 453038 454489
rrd69_1 454508 455167
rrd69_1 455366 455938
rrd69_1 456083 457573
rrd69_1 457706 459196
rrd69_1 459219 461327
rrd69_1 461353 461676
rrd69_1 461859 462779
rrd69_1 462813 463952
rrd69_1 464221 465102
rrd69_1 465130 466734
rrd69_1 466754 467581
rrd69_1 467756 470122
rrd69_1 470305 472575
rrd69_1 472623 474089
rrd69_1 474187 474576
rrd69_1 474947 475717
rrd69_1 475729 476916
rrd69_1 476934 479564
rrd69_1 479890 480840
rrd69_1 480988 481809
rrd69_1 481806 482777
rrd69_1 482835 484100
rrd69_1 484203 485624
rrd69_1 485618 487060
rrd69_1 487057 488058
rrd69_1 488129 488584
rrd69_1 488694 489302
rrd69_1 489274 490350
rrd69_1 490382 491392
rrd69_1 491650 492477
rrd69_1 492482 493255
rrd69_1 493360 494826
rrd69_1 494830 495930
rrd69_1 495927 497072
rrd69_1 497277 498674
rrd69_1 498811 500175
rrd69_1 500447 501412
rrd69_1 501760 502641
rrd69_1 502698 503921
rrd69_1 504028 504198
rrd69_1 504195 505364
rrd69_1 505380 505829
rrd69_1 505845 507026
rrd69_1 507774 509255
rrd69_1 509245 510342
rrd69_1 510332 511474
rrd69_1 511592 512578
rrd69_1 512575 513453
rrd69_1 513450 513842
rrd69_1 513858 515339
rrd69_1 515341 516294
rrd69_1 516308 517225
rrd69_1 517458 518075
rrd69_1 518135 519022
rrd69_1 519173 520873
rrd69_1 520909 521679
rrd69_1 521833 522309
rrd69_1 522326 522907
rrd69_1 522907 523440
rrd69_1 523481 524800
rrd69_1 524915 525058
rrd69_1 525245 526852
rrd69_1 526839 529616
rrd69_1 529690 530478
rrd69_1 530632 531501
rrd69_1 531883 532239
rrd69_1 532357 532767
rrd69_1 532795 533190
rrd69_1 533317 533751
rrd69_1 533971 535026
rrd69_1 535041 535859
rrd69_1 535890 536729
rrd69_1 536739 536864
rrd69_1 536864 537865
rrd69_1 538051 538329
rrd69_1 538677 539090
rrd69_1 539106 540293
rrd69_1 540403 541002
rrd69_1 541036 542427
rrd69_1 542604 543491
rrd69_1 543548 544210
rrd69_1 544221 544961
rrd69_1 545155 546363
rrd69_1 546382 546729
rrd69_1 546814 547710
rrd69_1 547838 548335
rrd69_1 548572 549102
rrd69_1 549099 549668
rrd69_1 549670 551469
rrd69_1 551568 552077
rrd69_1 552126 552524
rrd69_1 552558 552752
rrd69_1 553041 553463
rrd69_1 553604 553753
rrd69_1 553834 555030
rrd69_1 555047 555316
rrd69_1 555571 556578
rrd69_1 556589 557377
rrd69_1 557512 558777
rrd69_1 558860 561208
rrd69_1 561260 561934
rrd69_1 562016 562714
rrd69_1 563039 564061
rrd69_1 564318 565625
rrd69_1 565658 566392
rrd69_1 566521 566751
rrd69_1 566922 567389
rrd69_1 567438 567833
rrd69_1 567858 569279
rrd69_1 569304 570170
rrd69_1 570259 571767
rrd69_1 571784 572329
rrd69_1 572326 572838
rrd69_1 572959 573171
rrd69_1 573220 573954
rrd69_1 573962 574345
rrd69_1 574844 575473
rrd69_1 575621 576868
rrd69_1 577046 577585
rrd69_1 577598 578047
rrd69_1 578189 578647
rrd69_1 578711 579265
rrd69_1 579326 580378
rrd69_1 580540 580983
rrd69_1 581047 581697
rrd69_1 581861 582340
rrd69_1 582478 583365
rrd69_1 583355 584422
rrd69_1 584633 585184
rrd69_1 585220 586176
rrd69_1 586268 587968
rrd69_1 588248 588850
rrd69_1 588938 589138
rrd69_1 589269 590552
rrd69_1 590917 591882
rrd69_1 591915 593204
rrd69_1 593451 594089
rrd69_1 594201 595058
rrd69_1 595237 595611
rrd69_1 595792 596322
rrd69_1 596365 597972
rrd69_1 598211 598747
rrd69_1 599119 599598
rrd69_1 599612 599812
rrd69_1 599940 601082
rrd69_1 601099 602211
rrd69_1 602223 603086
rrd69_1 603106 604281
rrd69_1 604385 606496
rrd69_1 606640 607836
rrd69_1 607849 608811
rrd69_1 608885 609139
rrd69_1 609169 610167
rrd69_1 610239 610481
rrd69_1 610607 612322
rrd69_1 612428 613930
rrd69_1 614082 615050
rrd69_1 615572 617245
rrd69_1 617242 617664
rrd69_1 617789 618136
rrd69_1 618216 619088
rrd69_1 619158 619988
rrd69_1 620214 622283
rrd69_1 622409 622927
rrd69_1 622940 623602
rrd69_1 623710 623895
rrd69_1 623948 624760
rrd69_1 625135 626463
rrd69_1 626503 627387
rrd69_1 627538 628089
rrd69_1 628073 629098
rrd69_1 629098 629352
rrd69_1 629387 629950
rrd69_1 629964 630725
rrd69_1 630743 631585
rrd69_1 631602 632312
rrd69_1 632309 633052
rrd69_1 633157 633657
rrd69_1 633688 634989
rrd69_1 635160 635381
rrd69_1 635624 636424
rrd69_1 636460 636693
rrd69_1 636690 638966
rrd69_1 639070 639555
rrd69_1 639595 640440
rrd69_1 640677 641072
rrd69_1 641105 641380
rrd69_1 641446 641718
rrd69_1 641747 642130
rrd69_1 642184 642510
rrd69_1 642523 642918
rrd69_1 642930 644465
rrd69_1 644477 644755
rrd69_1 644760 645158
rrd69_1 645342 645596
rrd69_1 645610 646944
rrd69_1 646988 647866
rrd69_1 647878 648558
rrd69_1 648691 649542
rrd69_1 649679 650650
rrd69_1 650890 651660
rrd69_1 651728 652888
rrd69_1 652904 653383
rrd69_1 653529 654761
rrd69_1 654911 655513
rrd69_1 655515 656222
rrd69_1 656219 656980
rrd69_1 656995 658416
rrd69_1 658434 659627
rrd69_1 659643 660434
rrd69_1 660527 660982
rrd69_1 660975 661829
rrd69_1 661833 662798
rrd69_1 662795 663535
rrd69_1 663538 664566
rrd69_1 664563 665300
rrd69_1 665293 666417
rrd69_1 666419 667294
rrd69_1 667291 668469
rrd69_1 668491 669903
rrd69_1 669910 670680
rrd69_1 670856 671530
rrd69_1 671754 672296
rrd69_1 672427 673044
rrd69_1 673087 673458
rrd69_1 673526 674836
rrd69_1 674870 675202
rrd69_1 675375 676733
rrd69_1 676760 677446
rrd69_1 677443 678270
rrd69_1 678398 678703
rrd69_1 678830 679639
rrd69_1 679685 680761
rrd69_1 680916 681170
rrd69_1 681732 682847
rrd69_1 682913 683728
rrd69_1 684276 685733
rrd69_1 685753 687141
rrd69_1 687397 688230
rrd69_1 688282 688560
rrd69_1 689062 691485
rrd69_1 691567 691794
rrd69_1 691806 692807
rrd69_1 692865 693614
rrd69_1 693725 694936
rrd69_1 695412 695675
rrd69_1 695753 696133
rrd69_1 696135 696752
rrd69_1 696752 698710
rrd69_1 698738 699694
rrd69_1 700208 701290
rrd69_1 701298 702818
rrd69_1 702850 703842
rrd69_1 703842 705020
rrd69_1 705202 706047
rrd69_1 706082 706339
rrd69_1 706366 706785
rrd69_1 707208 707348
rrd69_1 707647 708336
rrd69_1 708329 708997
rrd69_1 709105 709419
rrd69_1 709416 710954
rrd69_1 711257 711595
rrd69_1 711622 711999
rrd69_1 712110 712799
rrd69_1 712786 713610
rrd69_1 713628 714515
rrd69_1 714681 715064
rrd69_1 715058 715738
rrd69_1 715776 716957
rrd69_1 717075 717458
rrd69_1 717546 718274
rrd69_1 718271 718915
rrd69_1 718986 719750
rrd69_1 720280 721365
rrd69_1 721382 721534
rrd69_1 721585 722217
rrd69_1 722312 723325
rrd69_1 723322 724818
rrd69_1 724891 726009
rrd69_1 726410 727837
rrd69_1 728197 729288
rrd69_1 729399 729593
rrd69_1 729612 730010
rrd69_1 730128 731456
rrd69_1 731453 731779
rrd69_1 731806 733155
rrd69_1 733170 733475
rrd69_1 733597 735540
rrd69_1 735783 736397
rrd69_1 736467 737849
rrd69_1 737961 738074
rrd69_1 738158 739528
rrd69_1 739837 740049
rrd69_1 740046 740357
rrd69_1 740357 740887
rrd69_1 741377 742408
rrd69_1 742466 744202
rrd69_1 744192 745928
rrd69_1 745928 746944
rrd69_1 746931 748346
rrd69_1 748675 749796
rrd69_1 749798 750811
rrd69_1 750808 751746
rrd69_1 751765 752514
rrd69_1 752541 753311
rrd69_1 753298 754284
rrd69_1 754318 755205
rrd69_1 755283 757091
rrd69_1 757111 757767
rrd69_1 757788 758246
rrd69_1 758618 758950
rrd69_1 759130 760023
rrd69_1 760001 760762
rrd69_1 760749 761840
rrd69_1 761910 762275
rrd69_1 762445 763299
rrd69_1 763365 763694
rrd69_1 763714 764037
rrd69_1 764050 765483
rrd69_1 765480 766544
rrd69_1 766570 767862
rrd69_1 767951 769909
rrd69_1 770047 770244
rrd69_1 770292 770717
rrd69_1 771002 771268
rrd69_1 771306 771731
rrd69_1 772027 773433
rrd69_1 773577 774998
rrd69_1 775027 776016
rrd69_1 776223 776570
rrd69_1 776622 777077
rrd69_1 777174 777701
rrd69_1 777723 778481
rrd69_1 778494 779690
rrd69_1 779695 780027
rrd69_1 780245 781477
rrd69_1 781766 781945
rrd69_1 782025 782702
rrd69_1 782861 783721
rrd69_1 783922 784815
rrd69_1 784822 786243
rrd69_1 786294 787613
rrd69_1 787895 789019
rrd69_1 789074 790492
rrd69_1 790464 792371
rrd69_1 792697 793530
rrd69_1 793623 793874
rrd69_1 793755 794570
rrd69_1 794744 795583
rrd69_1 795733 796467
rrd69_1 796457 798049
rrd69_1 798024 798623
rrd69_1 798620 799306
rrd69_1 799554 800681
rrd69_1 800823 801479
rrd69_1 801734 801898
rrd69_1 802042 802413
rrd69_1 802410 802673
rrd69_1 802881 805262
rrd69_1 805452 805745
rrd69_1 805771 806409
rrd69_1 806423 806860
rrd69_1 807209 807307
rrd69_1 807414 808715
rrd69_1 808740 809921
rrd69_1 810089 810760
rrd69_1 810845 811789
rrd69_1 811850 812725
rrd69_1 812965 814788
rrd69_1 814884 816155
rrd69_1 816337 817434
rrd69_1 817431 818138
rrd69_1 818264 819271
rrd69_1 819307 820119
rrd69_1 820431 820790
rrd69_1 820926 821918
rrd69_1 821960 823474
rrd69_1 823793 825130
rrd69_1 825350 826453
rrd69_1 826559 827887
rrd69_1 827912 829429
rrd69_1 829642 830499
rrd69_1 830592 831527
rrd69_1 831627 832112
rrd69_1 832191 832673
rrd69_1 832758 833258
rrd69_1 833367 833711
rrd69_1 833708 834850
rrd69_1 834863 835273
rrd69_1 835356 837032
rrd69_1 837049 837948
rrd69_1 838121 839116
rrd69_1 839289 840554
rrd69_1 840632 841939
rrd69_1 841941 842783
rrd69_1 842795 844003
rrd69_1 844027 846093
rrd69_1 846388 847716
rrd69_1 847762 848190
rrd69_1 848217 849167
rrd69_1 849164 850093
rrd69_1 850422 850760
rrd69_1 850854 851993
rrd69_1 852023 853294
rrd69_1 853412 854524
rrd69_1 854628 855335
rrd69_1 855405 856658
rrd69_1 856655 858982
rrd69_1 858996 859757
rrd69_1 859789 860001
rrd69_1 860416 861594
rrd69_1 861688 862536
rrd69_1 862568 864034
rrd69_1 864039 865898
rrd69_1 866239 867120
rrd69_1 867232 868125
rrd69_1 868308 868859
rrd69_1 868864 869352
rrd69_1 869363 869986
rrd69_1 870157 870363
rrd69_1 870360 871040
rrd69_1 871088 872434
rrd69_1 872953 873969
rrd69_1 873866 874195
rrd69_1 874619 875800
rrd69_1 875819 876721
rrd69_1 876768 877961
rrd69_1 878292 879761
rrd69_1 879775 880623
rrd69_1 880659 882551
rrd69_1 883016 883441
rrd69_1 883691 884005
rrd69_1 884163 884525
rrd69_1 884557 885051
rrd69_1 885048 885587
rrd69_1 885788 886105
rrd69_1 886127 887680
rrd69_1 887921 889156
rrd69_1 889485 890465
rrd69_1 890639 892075
rrd69_1 892088 893986
rrd69_1 894142 894852
rrd69_1 894902 895909
rrd69_1 896029 898206
rrd69_1 898458 899354
rrd69_1 899394 900254
rrd69_1 900369 901712
rrd69_1 901893 902396
rrd69_1 902503 902847
rrd69_1 902916 903506
rrd69_1 903607 903855
rrd69_1 903870 904112
rrd69_1 904182 905030
rrd69_1 905188 906930
rrd69_1 907364 909175
rrd69_1 909179 910201
rrd69_1 910227 912878
rrd69_1 912865 914343
rrd69_1 914468 914947
rrd69_1 915028 915198
rrd69_1 915360 916190
rrd69_1 916181 917896
rrd69_1 917916 918473
rrd69_1 918488 919348
rrd69_1 919923 920612
rrd69_1 920613 921494
rrd69_1 921533 921997
rrd69_1 922066 923253
rrd69_1 923335 924129
rrd69_1 924136 924999
rrd69_1 924986 926365
rrd69_1 926355 928193
rrd69_1 928201 928908
rrd69_1 930000 930524
rrd69_1 930755 930964
rrd69_1 930980 932113
rrd69_1 932246 933541
rrd69_1 933758 934339
rrd69_1 934476 935681
rrd69_1 935714 936127
rrd69_1 936258 937622
rrd69_1 937905 938861
rrd69_1 938858 939805
rrd69_1 939915 940772
rrd69_1 941006 941098
rrd69_1 941272 942153
rrd69_1 942363 943988
rrd69_1 944087 945052
rrd69_1 945142 945876
rrd69_1 945949 946092
rrd69_1 946115 947329
rrd69_1 947531 947980
rrd69_1 947977 949956
rrd69_1 949977 950924
rrd69_1 951228 952157
rrd69_1 952202 953059
rrd69_1 953060 953554
rrd69_1 953704 954363
rrd69_1 954470 956059
rrd69_1 956108 956776
rrd69_1 956791 957399
rrd69_1 957399 958349
rrd69_1 958560 960077
rrd69_1 960070 961035
rrd69_1 961235 961474
rrd69_1 961516 962058
rrd69_1 962095 962382
rrd69_1 962491 963591
rrd69_1 963807 964013
rrd69_1 964308 965627
rrd69_1 965643 966053
rrd69_1 966079 967128
rrd69_1 967207 967833
rrd69_1 967859 968719
rrd69_1 968706 969506
rrd69_1 969704 970537
rrd69_1 970665 971540
rrd69_1 971646 972365
rrd69_1 972379 974265
rrd69_1 974283 975662
rrd69_1 976065 976688
rrd69_1 976685 977461
rrd69_1 977626 977985
rrd69_1 978064 978198
rrd69_1 978819 980159
rrd69_1 980356 981492
rrd69_1 981643 981858
rrd69_1 981875 982987
rrd69_1 983005 983250
rrd69_1 983302 985224
rrd69_1 985459 987963
rrd69_1 993357 994325
rrd69_1 994447 995913
rrd69_1 996074 997399
rrd69_1 997441 998919
rrd69_1 999166 1000050
rrd69_1 1000070 1000660
rrd69_1 1000978 1002252
rrd69_1 1002354 1003181
rrd69_1 1003650 1004309
rrd69_1 1004306 1004929
rrd69_1 1005009 1006310
rrd69_1 1006356 1006910
rrd69_1 1006990 1007466
rrd69_1 1008138 1009850
rrd69_1 1009834 1010199
rrd69_1 1010215 1010811
rrd69_1 1010830 1011054
rrd69_1 1011121 1011384
rrd69_1 1016856 1017041
rrd69_1 1017170 1017487
rrd69_2 1 1512
rrd69_2 2274 3293
rrd69_2 3332 3952
rrd69_2 4101 4922
rrd69_2 4962 5564
rrd69_2 5618 6499
rrd69_2 6504 6911
rrd69_2 7079 7309
rrd69_2 7353 8504
rrd69_2 8450 9550
rrd69_2 9563 11050
rrd69_2 11129 12475
rrd69_2 12472 13881
rrd69_2 13959 15092
rrd69_2 15218 15772
rrd69_2 15806 16195
rrd69_2 16318 17070
rrd69_2 17242 18048
rrd69_2 18073 19608
rrd69_2 19768 20910
rrd69_2 20956 22590
rrd69_2 22599 23948
rrd69_2 23945 24160
rrd69_2 24172 25077
rrd69_2 25093 25875
rrd69_2 25894 27417
rrd69_2 27432 29366
rrd69_2 29394 31112
rrd69_2 31146 32957
rrd69_2 33171 34598
rrd69_2 34811 35236
rrd69_2 35250 35936
rrd69_2 35958 36443
rrd69_2 36456 37862
rrd69_2 38023 38799
rrd69_2 38930 39844
rrd69_2 39857 41272
rrd69_2 41291 41746
rrd69_2 41749 42618
rrd69_2 42660 44183
rrd69_2 44303 44773
rrd69_2 45063 45536
rrd69_2 45923 47437
rrd69_2 47453 47908
rrd69_2 48022 48321
rrd69_2 48506 49882
rrd69_2 49991 50434
rrd69_2 50635 51075
rrd69_2 51364 53436
rrd69_2 53452 53718
rrd69_2 53745 55007
rrd69_2 55025 55717
rrd69_2 55900 56940
rrd69_2 57158 58414
rrd69_2 58445 59377
rrd69_2 59377 60207
rrd69_2 60239 61570
rrd69_2 61946 63406
rrd69_2 63630 65174
rrd69_2 65219 66484
rrd69_2 66616 67323
rrd69_2 67326 68729
rrd69_2 68784 69092
rrd69_2 69467 70309
rrd69_2 70428 72320
rrd69_2 72352 73818
rrd69_2 74054 74455
rrd69_2 74482 75408
rrd69_2 75634 76058
rrd69_2 75957 76163
rrd69_2 76102 76869
rrd69_2 77275 77586
rrd69_2 77598 78521
rrd69_2 78703 79272
rrd69_2 79345 79770
rrd69_2 79934 80281
rrd69_2 80354 80542
rrd69_2 80799 81959
rrd69_2 82023 82682
rrd69_2 82845 83495
rrd69_2 83507 83881
rrd69_2 83954 85057
rrd69_2 85453 85797
rrd69_2 85921 86502
rrd69_2 86867 87448
rrd69_2 87680 88324
rrd69_2 88452 89072
rrd69_2 89199 89912
rrd69_2 90019 90471
rrd69_2 90555 91055
rrd69_2 91169 91516
rrd69_2 91529 92827
rrd69_2 92842 93261
rrd69_2 93472 94026
rrd69_2 94029 95114
rrd69_2 95270 96442
rrd69_2 96638 96985
rrd69_2 97015 97140
rrd69_2 97194 99635
rrd69_2 99638 101605
rrd69_2 102022 102435
rrd69_2 102590 103171
rrd69_2 103268 103555
rrd69_2 103597 103905
rrd69_2 103909 104331
rrd69_2 104435 104680
rrd69_2 104693 104839
rrd69_2 104888 105013
rrd69_2 105090 105593
rrd69_2 105660 108389
rrd69_2 108610 108756
rrd69_2 108771 108920
rrd69_2 109023 109412
rrd69_2 109673 110101
rrd69_2 110123 110605
rrd69_2 110700 111407
rrd69_2 111601 111789
rrd69_2 112058 112276
rrd69_2 112361 112807
rrd69_2 113006 115009
rrd69_2 115198 115428
rrd69_2 115498 116145
rrd69_2 116163 116474
rrd69_2 116634 117254
rrd69_2 117422 117811
rrd69_2 118042 118584
rrd69_2 118617 119471
rrd69_2 119609 120043
rrd69_2 120217 122211
rrd69_2 122357 123265
rrd69_2 123510 126653
rrd69_2 126675 127256
rrd69_2 127485 128195
rrd69_2 128260 130476
rrd69_2 130584 130775
rrd69_2 130789 131697
rrd69_2 132027 132749
rrd69_2 132746 134170
rrd69_2 134186 134908
rrd69_2 135097 135948
rrd69_2 136084 136497
rrd69_2 136546 137019
rrd69_2 137179 137622
rrd69_2 137651 138499
rrd69_2 138615 140480
rrd69_2 140515 141210
rrd69_2 141250 141471
rrd69_2 141934 143046
rrd69_2 143292 143699
rrd69_2 143722 144480
rrd69_2 144545 144889
rrd69_2 144964 145638
rrd69_2 146002 146373
rrd69_2 146431 147012
rrd69_2 147153 147695
rrd69_2 147882 148343
rrd69_2 148413 148895
rrd69_2 148901 150826
rrd69_2 151010 151888
rrd69_2 151941 152102
rrd69_2 152450 152785
rrd69_2 152914 153102
rrd69_2 153627 153761
rrd69_2 153764 154855
rrd69_2 155082 155387
rrd69_2 155275 155712
rrd69_2 155742 156581
rrd69_2 156773 157192
rrd69_2 157227 157487
rrd69_2 157589 158923
rrd69_2 158984 159394
rrd69_2 159486 160766
rrd69_2 160785 162047
rrd69_2 162168 163127
rrd69_2 163448 164206
rrd69_2 164262 164879
rrd69_2 164964 165944
rrd69_2 165962 168064
rrd69_2 168024 168422
rrd69_2 168682 168894
rrd69_2 168974 169306
rrd69_2 169468 169689
rrd69_2 169715 170704
rrd69_2 170734 171135
rrd69_2 171240 171488
rrd69_2 171601 172143
rrd69_2 172143 172463
rrd69_2 172479 172838
rrd69_2 172885 173334
rrd69_2 173411 174145
rrd69_2 174729 176054
rrd69_2 176143 177306
rrd69_2 177457 178206
rrd69_2 178521 178994
rrd69_2 179585 179986
rrd69_2 180112 180648
rrd69_2 180791 180985
rrd69_2 181165 183066
rrd69_2 183089 185665
rrd69_2 185790 186335
rrd69_2 186786 187220
rrd69_2 187222 188748
rrd69_2 188906 190087
rrd69_2 190084 191148
rrd69_2 191326 194370
rrd69_2 194574 194834
rrd69_2 195037 195831
rrd69_2 195922 197484
rrd69_2 197785 198828
rrd69_2 199006 200256
rrd69_2 200273 200854
rrd69_2 200928 201839
rrd69_2 201863 202654
rrd69_2 202786 203043
rrd69_2 203117 203845
rrd69_2 203875 206994
rrd69_2 206972 207448
rrd69_2 207600 208892
rrd69_2 208889 210169
rrd69_2 210315 213431
rrd69_2 213751 214980
rrd69_2 215084 215809
rrd69_2 215974 218463
rrd69_2 218460 218696
rrd69_2 218693 219421
rrd69_2 219543 221210
rrd69_2 221382 222248
rrd69_2 222279 223493
rrd69_2 223586 224605
rrd69_2 224745 225338
rrd69_2 225335 226237
rrd69_2 226361 226633
rrd69_2 226703 227626
rrd69_2 227700 228929
rrd69_2 228963 229916
rrd69_2 230042 232159
rrd69_2 232343 232612
rrd69_2 232768 233718
rrd69_2 233737 234666
rrd69_2 234735 235085
rrd69_2 235103 235381
rrd69_2 235378 237498
rrd69_2 237518 237820
rrd69_2 237813 238097
rrd69_2 238113 239228
rrd69_2 239261 239734
rrd69_2 239976 241106
rrd69_2 241127 242353
rrd69_2 242433 244541
rrd69_2 244559 246538
rrd69_2 246828 251141
rrd69_2 251217 252914
rrd69_2 252995 254254
rrd69_2 254267 255418
rrd69_2 255458 256252
rrd69_2 256265 257047
rrd69_2 257177 257734
rrd69_2 257736 258458
rrd69_2 258593 259474
rrd69_2 259566 260300
rrd69_2 260456 260995
rrd69_2 261017 261784
rrd69_2 261809 262309
rrd69_2 262309 262935
rrd69_2 262948 263409
rrd69_2 263434 265461
rrd69_2 265467 266549
rrd69_2 266546 267451
rrd69_2 267448 268566
rrd69_2 268566 270599
rrd69_2 270629 271717
rrd69_2 271714 272493
rrd69_2 272500 272769
rrd69_2 272786 273451
rrd69_2 273444 274103
rrd69_2 274122 274484
rrd69_2 274512 275633
rrd69_2 275623 276621
rrd69_2 276654 277082
rrd69_2 277079 277294
rrd69_2 277332 278126
rrd69_2 278148 278591
rrd69_2 278591 279913
rrd69_2 279914 280600
rrd69_2 280613 281056
rrd69_2 281065 282381
rrd69_2 282378 283142
rrd69_2 283135 284151
rrd69_2 284163 285755
rrd69_2 285806 286123
rrd69_2 286135 286587
rrd69_2 286587 286976
rrd69_2 287265 288044
rrd69_2 288079 289479
rrd69_2 289496 290041
rrd69_2 290056 290973
rrd69_2 291036 292340
rrd69_2 292411 294486
rrd69_2 294681 295583
rrd69_2 295647 296549
rrd69_2 296572 297732
rrd69_2 297909 298184
rrd69_2 298181 299914
rrd69_2 299943 300707
rrd69_2 300784 301632
rrd69_2 301723 302070
rrd69_2 302208 302942
rrd69_2 302939 303448
rrd69_2 303472 303858
rrd69_2 303962 304207
rrd69_2 304207 304479
rrd69_2 304585 305928
rrd69_2 305942 306274
rrd69_2 306617 307603
rrd69_2 307625 311185
rrd69_2 311291 312034
rrd69_2 312219 312452
rrd69_2 312534 313277
rrd69_2 313277 314221
rrd69_2 314237 315235
rrd69_2 315251 315817
rrd69_2 315930 317978
rrd69_2 317956 318861
rrd69_2 318879 319541
rrd69_2 319691 321364
rrd69_2 321380 321742
rrd69_2 322014 322202
rrd69_2 322424 323068
rrd69_2 323128 323778
rrd69_2 323782 324678
rrd69_2 324691 326646
rrd69_2 326640 327410
rrd69_2 327414 328502
rrd69_2 328506 329849
rrd69_2 329836 330789
rrd69_2 330795 331277
rrd69_2 331293 333701
rrd69_2 333698 334915
rrd69_2 335031 335234
rrd69_2 335238 335852
rrd69_2 335862 336131
rrd69_2 336208 337083
rrd69_2 337167 339842
rrd69_2 340008 341717
rrd69_2 341749 342252
rrd69_2 342233 343018
rrd69_2 343095 343850
rrd69_2 343879 344472
rrd69_2 344486 345622
rrd69_2 345680 346744
rrd69_2 346758 347459
rrd69_2 347505 347651
rrd69_2 347987 348625
rrd69_2 348633 349337
rrd69_2 349309 350241
rrd69_2 350235 351011
rrd69_2 351008 354223
rrd69_2 354208 355302
rrd69_2 355299 356585
rrd69_2 356569 357492
rrd69_2 357623 358951
rrd69_2 359107 359649
rrd69_2 359820 360734
rrd69_2 360731 361198
rrd69_2 361293 361667
rrd69_2 361828 364593
rrd69_2 364950 365444
rrd69_2 365471 366247
rrd69_2 366302 366580
rrd69_2 366590 367048
rrd69_2 367050 367739
rrd69_2 367746 368585
rrd69_2 368822 369058
rrd69_2 369138 369914
rrd69_2 370041 370397
rrd69_2 370424 371434
rrd69_2 371448 371978
rrd69_2 371996 372427
rrd69_2 372440 373684
rrd69_2 373928 374866
rrd69_2 375017 375796
rrd69_2 375939 376658
rrd69_2 376718 377647
rrd69_2 377897 382216
rrd69_2 382517 383662
rrd69_2 383696 385018
rrd69_2 385178 385546
rrd69_2 385546 386271
rrd69_2 386292 386981
rrd69_2 386978 387757
rrd69_2 387894 388805
rrd69_2 388836 389930
rrd69_2 390123 391193
rrd69_2 391283 392623
rrd69_2 392639 393613
rrd69_2 393750 395225
rrd69_2 395437 397356
rrd69_2 397482 399638
rrd69_2 399640 399987
rrd69_2 400024 400956
rrd69_2 401023 401460
rrd69_2 401583 403202
rrd69_2 403268 404161
rrd69_2 404372 404851
rrd69_2 404905 405444
rrd69_2 405583 405756
rrd69_2 405778 406296
rrd69_2 406503 407750
rrd69_2 407824 408333
rrd69_2 408360 409175
rrd69_2 409227 410255
rrd69_2 410260 411039
rrd69_2 411196 412404
rrd69_2 412418 412900
rrd69_2 412904 413455
rrd69_2 413774 414046
rrd69_2 414112 414561
rrd69_2 414619 415026
rrd69_2 415100 415348
rrd69_2 415368 415781
rrd69_2 415890 416933
rrd69_2 417056 417505
rrd69_2 417640 418005
rrd69_2 418241 419119
rrd69_2 419150 419479
rrd69_2 419482 420102
rrd69_2 420102 421973
rrd69_2 422162 423229
rrd69_2 423509 424426
rrd69_2 424816 425739
rrd69_2 425779 427212
rrd69_2 427512 430958
rrd69_2 431038 432249
rrd69_2 432460 432741
rrd69_2 432864 433793
rrd69_2 433908 434396
rrd69_2 434412 435734
rrd69_2 435875 436492
rrd69_2 436798 437031
rrd69_2 437061 437384
rrd69_2 437439 439277
rrd69_2 439391 439570
rrd69_2 439844 440479
rrd69_2 440525 440818
rrd69_2 440815 441333
rrd69_2 441333 441596
rrd69_2 441586 443511
rrd69_2 443623 444429
rrd69_2 444563 444751
rrd69_2 445039 445674
rrd69_2 445901 446170
rrd69_2 446343 447833
rrd69_2 447877 447996
rrd69_2 448238 448693
rrd69_2 448819 450231
rrd69_2 450236 451579
rrd69_2 451688 452665
rrd69_2 452669 453784
rrd69_2 454350 455018
rrd69_2 455230 455433
rrd69_2 455546 456103
rrd69_2 456143 456922
rrd69_2 457317 457526
rrd69_2 457532 459199
rrd69_2 459300 461030
rrd69_2 461293 461961
rrd69_2 461999 462841
rrd69_2 462869 464158
rrd69_2 464303 464581
rrd69_2 464858 465865
rrd69_2 465940 466071
rrd69_2 466178 467410
rrd69_2 467451 469070
rrd69_2 469215 469490
rrd69_2 469554 470159
rrd69_2 470337 472229
rrd69_2 472243 473154
rrd69_2 473151 473906
rrd69_2 474242 475435
rrd69_2 475422 476123
rrd69_2 476120 477226
rrd69_2 477247 477867
rrd69_2 478386 478763
rrd69_2 478811 479044
rrd69_2 479037 479528
rrd69_2 479521 480048
rrd69_2 480030 481301
rrd69_2 481314 482330
rrd69_2 482360 482944
rrd69_2 483025 483942
rrd69_2 484005 484586
rrd69_2 485068 485526
rrd69_2 485803 486345
rrd69_2 486617 487426
rrd69_2 487451 487693
rrd69_2 487744 488874
rrd69_2 488957 489667
rrd69_2 489777 490235
rrd69_2 490252 491145
rrd69_2 491135 491611
rrd69_2 491802 492209
rrd69_2 492313 493194
rrd69_2 493291 493734
rrd69_2 493881 494072
rrd69_2 494222 494416
rrd69_2 494425 494736
rrd69_2 494876 495118
rrd69_2 495303 496199
rrd69_2 496460 497680
rrd69_2 497745 498509
rrd69_2 498649 499506
rrd69_2 499663 500160
rrd69_2 500234 501511
rrd69_2 501739 501915
rrd69_2 502083 502298
rrd69_2 502468 503400
rrd69_2 503514 504410
rrd69_2 504630 505091
rrd69_2 505330 506238
rrd69_2 506312 507622
rrd69_2 507747 508286
rrd69_2 508584 508739
rrd69_2 508805 509689
rrd69_2 509984 511156
rrd69_2 511182 513008
rrd69_2 513165 515291
rrd69_2 515628 516425
rrd69_2 516538 517410
rrd69_2 517424 518209
rrd69_2 518286 520247
rrd69_2 520363 521391
rrd69_2 521472 521699
rrd69_2 521813 523531
rrd69_2 523531 523797
rrd69_2 523891 525990
rrd69_2 526193 527047
rrd69_2 527103 528092
rrd69_2 528385 529479
rrd69_2 529584 531503
rrd69_2 531798 532292
rrd69_2 532341 533657
rrd69_2 533771 534424
rrd69_2 534731 534925
rrd69_2 535093 535281
rrd69_2 535406 535624
rrd69_2 536012 536758
rrd69_2 536927 537289
rrd69_2 537687 538184
rrd69_2 538200 538931
rrd69_2 538924 539364
rrd69_2 539365 540021
rrd69_2 540296 541339
rrd69_2 541585 543690
rrd69_2 543806 543904
rrd69_2 544252 545046
rrd69_2 545039 545806
rrd69_2 545993 546448
rrd69_2 546653 548152
rrd69_2 548205 548447
rrd69_2 548749 549279
rrd69_2 549296 549928
rrd69_2 549892 550587
rrd69_2 550588 551805
rrd69_2 552051 553241
rrd69_2 553648 554841
rrd69_2 554848 555909
rrd69_2 555934 556068
rrd69_2 556158 556649
rrd69_2 556651 558846
rrd69_2 559140 560159
rrd69_2 560193 560375
rrd69_2 560368 560532
rrd69_2 560529 561056
rrd69_2 561357 562703
rrd69_2 562847 563746
rrd69_2 564025 564741
rrd69_2 564866 565060
rrd69_2 565100 566293
rrd69_2 566290 567036
rrd69_2 567260 568051
rrd69_2 568333 568947
rrd69_2 569196 571619
rrd69_2 571650 572111
rrd69_2 572472 572636
rrd69_2 572675 572830
rrd69_2 573023 573352
rrd69_2 573600 573962
rrd69_2 574168 575031
rrd69_2 575162 575560
rrd69_2 575662 577020
rrd69_2 577523 577666
rrd69_2 577743 578261
rrd69_2 578355 579044
rrd69_2 579111 580460
rrd69_2 580464 581150
rrd69_2 581350 581553
rrd69_2 581555 581857
rrd69_2 582318 583277
rrd69_2 583393 583623
rrd69_2 583739 586027
rrd69_2 586170 586640
rrd69_2 586714 587133
rrd69_2 587295 587741
rrd69_2 587775 588203
rrd69_2 588510 589646
rrd69_2 589771 591018
rrd69_2 591031 592131
rrd69_2 592447 593349
rrd69_2 593513 593698
rrd69_2 593732 594046
rrd69_2 594043 594372
rrd69_2 594751 595806
rrd69_2 595801 596346
rrd69_2 596363 596851
rrd69_2 596962 597714
rrd69_2 597719 598045
rrd69_2 598160 598681
rrd69_2 598861 599721
rrd69_2 599783 600751
rrd69_2 600741 601661
rrd69_2 601658 602737
rrd69_2 602734 603675
rrd69_2 603824 603988
rrd69_2 603989 605608
rrd69_2 605605 606618
rrd69_2 606626 607588
rrd69_2 607585 608520
rrd69_2 608539 609363
rrd69_2 609553 610377
rrd69_2 610547 611866
rrd69_2 611909 612859
rrd69_2 613189 614514
rrd69_2 614528 614857
rrd69_2 614921 615877
rrd69_2 615971 616756
rrd69_2 616734 617429
rrd69_2 617461 618843
rrd69_2 618856 620178
rrd69_2 620196 621191
rrd69_2 621208 622191
rrd69_2 622372 623403
rrd69_2 623400 623846
rrd69_2 623909 624187
rrd69_2 624207 625580
rrd69_2 625631 626098
rrd69_2 626339 627070
rrd69_2 627086 627955
rrd69_2 627961 628806
rrd69_2 628818 629849
rrd69_2 630108 631862
rrd69_2 632090 632548
rrd69_2 632755 633372
rrd69_2 633388 634386
rrd69_2 634730 635500
rrd69_2 635469 635645
rrd69_2 635745 635876
rrd69_2 635865 637010
rrd69_2 637076 637660
rrd69_2 637651 638274
rrd69_2 638519 638890
rrd69_2 638930 639754
rrd69_2 639976 641445
rrd69_2 641473 642294
rrd69_2 642583 643455
rrd69_2 643668 644588
rrd69_2 644863 645765
rrd69_2 645996 647708
rrd69_2 647842 648456
rrd69_2 648671 649783
rrd69_2 649862 651043
rrd69_2 651694 652065
rrd69_2 652158 652577
rrd69_2 652608 653177
rrd69_2 653362 654756
rrd69_2 654871 656031
rrd69_2 656156 657046
rrd69_2 657063 657626
rrd69_2 657631 658155
rrd69_2 658348 659046
rrd69_2 659070 659954
rrd69_2 660533 661276
rrd69_2 661378 662568
rrd69_2 662588 662836
rrd69_2 662877 663707
rrd69_2 663818 663991
rrd69_2 664141 664272
rrd69_2 664284 665213
rrd69_2 665222 665482
rrd69_2 665505 665702
rrd69_2 666208 666870
rrd69_2 667209 667811
rrd69_2 667804 668256
rrd69_2 668736 668936
rrd69_2 668926 670044
rrd69_2 670250 670408
rrd69_2 670536 671366
rrd69_2 671617 672063
rrd69_2 672096 673040
rrd69_2 673149 674144
rrd69_2 674611 674835
rrd69_2 674917 675183
rrd69_2 675373 675594
rrd69_2 676402 676947
rrd69_2 676969 677292
rrd69_2 677946 679124
rrd69_2 679121 680272
rrd69_2 680661 681401
rrd69_2 681454 681969
rrd69_2 681976 682410
rrd69_2 682494 682751
rrd69_2 682878 685187
rrd69_2 685204 685461
rrd69_2 685598 685735
rrd69_2 685820 686041
rrd69_2 686126 686254
rrd69_2 686326 686676
rrd69_2 686854 687240
rrd69_2 687285 687620
rrd69_2 687709 688194
rrd69_2 688342 688833
rrd69_2 689046 689489
rrd69_2 689527 690102
rrd69_2 690216 690992
rrd69_2 691142 691948
rrd69_2 691966 692979
rrd69_2 692976 693743
rrd69_2 693748 693951
rrd69_2 693948 695060
rrd69_2 695044 695676
rrd69_2 695636 696346
rrd69_2 696588 698435
rrd69_2 698596 699339
rrd69_2 699380 700282
rrd69_2 700291 701091
rrd69_2 701157 701786
rrd69_2 701820 702185
rrd69_2 702403 702978
rrd69_2 703004 703768
rrd69_2 704046 704444
rrd69_2 704441 705352
rrd69_2 705649 705822
rrd69_2 706054 708045
rrd69_2 708095 709351
rrd69_2 709419 710939
rrd69_2 711025 711690
rrd69_2 711955 712620
rrd69_2 712661 713056
rrd69_2 713250 713828
rrd69_2 713966 714253
rrd69_2 714359 715276
rrd69_2 715278 716357
rrd69_2 716370 717287
rrd69_2 717291 718235
rrd69_2 718352 719989
rrd69_2 720745 721740
rrd69_2 721776 722528
rrd69_2 722694 723608
rrd69_2 723627 724577
rrd69_2 724655 726289
rrd69_2 726375 727397
rrd69_2 727394 728374
rrd69_2 728545 729339
rrd69_2 729417 730658
rrd69_2 730680 731618
rrd69_2 731788 732021
rrd69_2 732032 732229
rrd69_2 732241 733206
rrd69_2 733297 733923
rrd69_2 733948 734688
rrd69_2 734901 735095
rrd69_2 735215 736480
rrd69_2 736650 736829
rrd69_2 736933 737883
rrd69_2 737880 740960
rrd69_2 740953 742014
rrd69_2 742084 743235
rrd69_2 743232 744008
rrd69_2 744023 745243
rrd69_2 745264 746307
rrd69_2 746440 746988
rrd69_2 746985 748430
rrd69_2 748554 748862
rrd69_2 748909 749694
rrd69_2 749832 750644
rrd69_2 750733 750885
rrd69_2 750882 751073
rrd69_2 751114 751569
rrd69_2 751584 752426
rrd69_2 752569 753426
rrd69_2 753468 755117
rrd69_2 755114 756091
rrd69_2 756445 757293
rrd69_2 757520 758011
rrd69_2 758290 760131
rrd69_2 760115 763543
rrd69_2 763661 764596
rrd69_2 764735 765592
rrd69_2 765638 767452
rrd69_2 767466 768815
rrd69_2 768790 769344
rrd69_2 769341 771122
rrd69_2 771119 772615
rrd69_2 772602 773948
rrd69_2 774335 774871
rrd69_2 775040 775315
rrd69_2 775379 775939
rrd69_2 775954 776820
rrd69_2 776934 778310
rrd69_2 778556 779395
rrd69_2 779388 780863
rrd69_2 780860 782377
rrd69_2 782525 784369
rrd69_2 784523 785050
rrd69_2 785089 785457
rrd69_2 785549 786454
rrd69_2 786583 787107
rrd69_2 787311 788405
rrd69_2 788528 788689
rrd69_2 788817 789038
rrd69_2 789053 789286
rrd69_2 789318 789932
rrd69_2 789929 790105
rrd69_2 790105 790539
rrd69_2 790562 790780
rrd69_2 790828 791127
rrd69_2 791145 794540
rrd69_2 794537 795712
rrd69_2 795738 799442
rrd69_2 799420 802929
rrd69_2 803096 803542
rrd69_2 803734 804144
rrd69_2 804202 805041
rrd69_2 805034 805456
rrd69_2 805733 806875
rrd69_2 806911 807423
rrd69_2 807423 808040
rrd69_2 808200 808562
rrd69_2 808648 809082
rrd69_2 809117 810031
rrd69_2 810213 811157
rrd69_2 811180 811938
rrd69_2 811929 812879
rrd69_2 812872 813822
rrd69_2 813981 814259
rrd69_2 814322 815491
rrd69_2 815635 817074
rrd69_2 817105 817587
rrd69_2 817889 818995
rrd69_2 819139 819717
rrd69_2 820007 820243
rrd69_2 820302 821162
rrd69_2 821305 822837
rrd69_2 822929 824224
rrd69_2 824286 824870
rrd69_2 825251 826402
rrd69_2 826449 827732
rrd69_2 827910 828326
rrd69_2 828342 829889
rrd69_2 830068 831057
rrd69_2 831060 831803
rrd69_2 831959 832096
rrd69_2 832436 833725
rrd69_2 833758 834807
rrd69_2 835155 837464
rrd69_2 837529 838107
rrd69_2 838283 839695
rrd69_2 839718 840641
rrd69_2 840689 841747
rrd69_2 841872 844007
rrd69_2 844135 844620
rrd69_2 844607 844852
rrd69_2 844877 845233
rrd69_2 845314 846501
rrd69_2 846530 847237
rrd69_2 847284 848504
rrd69_2 848497 849237
rrd69_2 849725 850153
rrd69_2 850312 851391
rrd69_2 851517 852035
rrd69_2 852289 852480
rrd69_2 852609 852965
rrd69_2 853153 853767
rrd69_2 853745 854089
rrd69_2 854324 854842
rrd69_2 854964 855110
rrd69_2 855164 855253
rrd69_2 855647 856522
rrd69_2 856578 856808
rrd69_2 856917 857870
rrd69_2 857933 860719
rrd69_2 860736 861950
rrd69_2 862124 862312
rrd69_2 862348 863115
rrd69_2 863298 863624
rrd69_2 863689 864186
rrd69_2 864190 865413
rrd69_2 865450 866721
rrd69_2 866800 868299
rrd69_2 868413 869279
rrd69_2 869727 870083
rrd69_2 870206 871339
rrd69_2 871554 872660
rrd69_2 872617 873975
rrd69_2 874121 874330
rrd69_2 874351 875226
rrd69_2 875366 876472
rrd69_2 876699 876902
rrd69_2 877014 877130
rrd69_2 877187 877804
rrd69_2 877931 879946
rrd69_2 879943 881700
rrd69_2 882260 882766
rrd69_2 882800 882955
rrd69_2 882977 883831
rrd69_2 884127 884981
rrd69_2 885020 885766
rrd69_2 885781 886869
rrd69_2 887441 888157
rrd69_2 888157 888558
rrd69_2 888559 888924
rrd69_2 888921 889313
rrd69_2 889403 890785
rrd69_2 891121 891561
rrd69_2 891620 892951
rrd69_2 892991 893593
rrd69_2 893980 894471
rrd69_2 894464 895522
rrd69_2 895510 895800
rrd69_2 895845 897245
rrd69_2 897702 898532
rrd69_2 898887 900251
rrd69_2 900302 901717
rrd69_2 901794 902993
rrd69_2 903177 903608
rrd69_2 903769 905244
rrd69_2 905290 905673
rrd69_2 905802 906050
rrd69_2 906208 906858
rrd69_2 906855 908000
rrd69_2 908152 909897
rrd69_2 910042 911703
rrd69_2 911843 913339
rrd69_2 913355 914170
rrd69_2 914386 914943
rrd69_2 915270 916607
rrd69_2 916849 918441
rrd69_2 918470 919387
rrd69_2 919473 919889
rrd69_2 920056 920472
rrd69_2 920518 922056
rrd69_2 922071 922736
rrd69_2 923044 923385
rrd69_2 923494 924396
rrd69_2 924431 924997
rrd69_2 925030 927936
rrd69_2 928019 931381
rrd69_2 931526 932170
rrd69_2 932200 933075
rrd69_2 933232 933738
rrd69_2 933892 934308
rrd69_2 934344 934724
rrd69_2 934819 935910
rrd69_2 936122 936322
rrd69_2 936435 936794
rrd69_2 936808 937332
rrd69_2 937350 938969
rrd69_2 939009 939641
rrd69_2 940005 941168
rrd69_2 941309 943204
rrd69_2 943647 944120
rrd69_2 944164 945066
rrd69_2 945128 946279
rrd69_2 946360 946956
rrd69_2 947254 947910
rrd69_2 947990 948271
rrd69_2 948268 949173
rrd69_2 949166 950626
rrd69_2 950601 951347
rrd69_2 951463 951675
rrd69_2 951693 951914
rrd69_2 952217 953359
rrd69_2 953374 954207
rrd69_2 954207 955196
rrd69_2 955211 955978
rrd69_2 956141 956296
rrd69_2 956562 957854
rrd69_2 957897 958463
rrd69_2 958620 960563
rrd69_2 961098 961901
rrd69_2 961919 962608
rrd69_2 962672 962965
rrd69_2 963083 963274
rrd69_2 963346 963891
rrd69_2 963934 964638
rrd69_2 964758 965552
rrd69_2 965968 966393
rrd69_2 966431 966571
rrd69_2 973365 974183
rrd69_2 974435 974782
rrd69_2 974818 975148
rrd69_3 1 5372
rrd69_3 5767 6327
rrd69_3 6392 7759
rrd69_3 7779 9263
rrd69_3 9395 10375
rrd69_3 10475 11167
rrd69_3 11235 11558
rrd69_3 11582 13993
rrd69_3 14083 16221
rrd69_3 16218 18479
rrd69_3 18649 19851
rrd69_3 19915 21399
rrd69_3 21416 25987
rrd69_3 26141 27043
rrd69_3 27138 28871
rrd69_3 28868 30697
rrd69_3 30757 31578
rrd69_3 31667 32236
rrd69_3 32422 33690
rrd69_3 33709 34827
rrd69_3 34855 35652
rrd69_3 36124 37320
rrd69_3 37439 39478
rrd69_3 39525 40211
rrd69_3 40306 41799
rrd69_3 41833 43170
rrd69_3 43384 44544
rrd69_3 44591 46198
rrd69_3 46224 47615
rrd69_3 48132 48464
rrd69_3 48728 49207
rrd69_3 49204 50829
rrd69_3 50822 51427
rrd69_3 51390 52271
rrd69_3 52423 52995
rrd69_3 52999 53718
rrd69_3 53757 54233
rrd69_3 54288 55211
rrd69_3 55330 55854
rrd69_3 55890 56219
rrd69_3 56407 57732
rrd69_3 57830 58492
rrd69_3 58529 59446
rrd69_3 59459 60895
rrd69_3 60898 62040
rrd69_3 62208 62747
rrd69_3 62952 63458
rrd69_3 63443 63637
rrd69_3 63611 64402
rrd69_3 64659 66440
rrd69_3 66895 67395
rrd69_3 67486 68133
rrd69_3 68311 68673
rrd69_3 68929 69069
rrd69_3 69116 69328
rrd69_3 69538 71022
rrd69_3 71019 71270
rrd69_3 71321 73198
rrd69_3 73191 74012
rrd69_3 74164 75114
rrd69_3 75146 76402
rrd69_3 76417 79251
rrd69_3 79476 81392
rrd69_3 81404 82282
rrd69_3 82372 82950
rrd69_3 83028 84359
rrd69_3 84764 85390
rrd69_3 85472 85597
rrd69_3 85654 87024
rrd69_3 87046 87711
rrd69_3 87729 88079
rrd69_3 88076 88357
rrd69_3 88436 89338
rrd69_3 89434 89907
rrd69_3 89948 90166
rrd69_3 90242 90574
rrd69_3 90716 91333
rrd69_3 91571 91789
rrd69_3 91774 93267
rrd69_3 93308 94693
rrd69_3 94845 95543
rrd69_3 95636 95887
rrd69_3 95937 96767
rrd69_3 96836 97531
rrd69_3 97642 97959
rrd69_3 98014 98631
rrd69_3 98674 98844
rrd69_3 99095 99775
rrd69_3 99923 100147
rrd69_3 100227 100508
rrd69_3 100511 101911
rrd69_3 102028 103404
rrd69_3 103560 104849
rrd69_3 104874 105194
rrd69_3 105403 105804
rrd69_3 105820 106782
rrd69_3 106811 107533
rrd69_3 107787 108815
rrd69_3 108868 109299
rrd69_3 109299 109832
rrd69_3 109971 110402
rrd69_3 110455 110715
rrd69_3 110833 111501
rrd69_3 111690 111887
rrd69_3 111912 112478
rrd69_3 112488 113249
rrd69_3 113319 113909
rrd69_3 113932 114774
rrd69_3 114962 115213
rrd69_3 115250 116518
rrd69_3 116699 117667
rrd69_3 117681 118316
rrd69_3 118355 118978
rrd69_3 118998 119486
rrd69_3 119483 120277
rrd69_3 120392 120919
rrd69_3 120938 121555
rrd69_3 121822 122619
rrd69_3 122685 123119
rrd69_3 123201 124877
rrd69_3 125188 126327
rrd69_3 126358 126981
rrd69_3 126984 127466
rrd69_3 127541 129223
rrd69_3 129362 130270
rrd69_3 130499 131650
rrd69_3 131686 132387
rrd69_3 132655 132855
rrd69_3 132907 133089
rrd69_3 133261 133443
rrd69_3 133445 134116
rrd69_3 134211 134900
rrd69_3 134902 135297
rrd69_3 135341 135466
rrd69_3 135504 136391
rrd69_3 136499 136609
rrd69_3 136667 136930
rrd69_3 136972 140565
rrd69_3 140869 141378
rrd69_3 141378 142475
rrd69_3 142970 143824
rrd69_3 143889 145208
rrd69_3 145205 145789
rrd69_3 146144 147649
rrd69_3 147777 149714
rrd69_3 149790 149987
rrd69_3 150093 151247
rrd69_3 151799 152104
rrd69_3 152180 152722
rrd69_3 152772 153008
rrd69_3 153091 153186
rrd69_3 153323 154543
rrd69_3 154594 156840
rrd69_3 156992 158119
rrd69_3 158169 158675
rrd69_3 158844 159263
rrd69_3 159285 159737
rrd69_3 159846 160217
rrd69_3 160276 160512
rrd69_3 160706 160810
rrd69_3 160834 161790
rrd69_3 161837 162472
rrd69_3 162492 165179
rrd69_3 165215 165724
rrd69_3 165721 166383
rrd69_3 166401 167105
rrd69_3 167403 168698
rrd69_3 168812 169297
rrd69_3 169310 169480
rrd69_3 169613 172405
rrd69_3 172521 172928
rrd69_3 172897 173763
rrd69_3 173760 174599
rrd69_3 174799 175782
rrd69_3 175755 176954
rrd69_3 176947 178092
rrd69_3 178095 178799
rrd69_3 178786 179205
rrd69_3 179223 180026
rrd69_3 180032 180367
rrd69_3 180505 181377
rrd69_3 181408 182214
rrd69_3 182280 182873
rrd69_3 182976 183743
rrd69_3 183785 184459
rrd69_3 184462 184968
rrd69_3 185113 185559
rrd69_3 185621 186160
rrd69_3 186236 187507
rrd69_3 187797 189083
rrd69_3 189094 190209
rrd69_3 190327 191424
rrd69_3 191436 192239
rrd69_3 192236 193435
rrd69_3 193416 194075
rrd69_3 194081 194833
rrd69_3 194826 195848
rrd69_3 195820 197367
rrd69_3 197600 197980
rrd69_3 197980 199071
rrd69_3 199071 200243
rrd69_3 200320 201096
rrd69_3 201241 201687
rrd69_3 201817 202779
rrd69_3 202804 203508
rrd69_3 203512 204279
rrd69_3 204395 204625
rrd69_3 204650 205219
rrd69_3 205410 205688
rrd69_3 206064 207542
rrd69_3 207748 208473
rrd69_3 208492 208695
rrd69_3 208962 209999
rrd69_3 210014 211324
rrd69_3 211484 211678
rrd69_3 211685 212569
rrd69_3 212566 213168
rrd69_3 213287 213418
rrd69_3 213440 213634
rrd69_3 213594 214619
rrd69_3 214676 215827
rrd69_3 216051 216728
rrd69_3 216800 216982
rrd69_3 217046 217693
rrd69_3 217796 219145
rrd69_3 219162 220073
rrd69_3 220206 220862
rrd69_3 221018 221989
rrd69_3 222114 223388
rrd69_3 223585 224163
rrd69_3 224328 225116
rrd69_3 225204 225656
rrd69_3 225721 226482
rrd69_3 226427 227068
rrd69_3 227065 228573
rrd69_3 228566 229630
rrd69_3 229887 230135
rrd69_3 230170 230751
rrd69_3 231321 232895
rrd69_3 232928 233575
rrd69_3 233870 234976
rrd69_3 234936 235496
rrd69_3 235699 237480
rrd69_3 237477 238199
rrd69_3 238286 239464
rrd69_3 239448 241127
rrd69_3 241129 241659
rrd69_3 241750 242484
rrd69_3 242619 243155
rrd69_3 243160 243747
rrd69_3 243735 244892
rrd69_3 245000 245479
rrd69_3 245593 246186
rrd69_3 246176 246934
rrd69_3 247145 247237
rrd69_3 247326 247850
rrd69_3 248076 248429
rrd69_3 248543 249007
rrd69_3 249034 249657
rrd69_3 249669 250319
rrd69_3 250824 251168
rrd69_3 251403 251639
rrd69_3 251840 252421
rrd69_3 252661 253923
rrd69_3 253954 254391
rrd69_3 254713 255597
rrd69_3 255638 256969
rrd69_3 257079 258551
rrd69_3 258505 259113
rrd69_3 259120 259470
rrd69_3 259470 260486
rrd69_3 260499 260951
rrd69_3 260972 261388
rrd69_3 261378 261998
rrd69_3 262113 262880
rrd69_3 262893 263333
rrd69_3 263330 263683
rrd69_3 263841 265028
rrd69_3 265155 265967
rrd69_3 265979 267163
rrd69_3 267317 268207
rrd69_3 268214 268441
rrd69_3 268559 269011
rrd69_3 269133 269777
rrd69_3 269893 271023
rrd69_3 271135 271356
rrd69_3 271624 272076
rrd69_3 272063 273244
rrd69_3 273241 273798
rrd69_3 273967 274893
rrd69_3 274921 275055
rrd69_3 275070 275294
rrd69_3 275414 276343
rrd69_3 276368 277630
rrd69_3 277931 278170
rrd69_3 278183 278509
rrd69_3 278722 279429
rrd69_3 279447 280421
rrd69_3 280418 280897
rrd69_3 281179 281628
rrd69_3 281770 283002
rrd69_3 283018 283362
rrd69_3 283594 284829
rrd69_3 285059 286018
rrd69_3 286206 287534
rrd69_3 287552 287965
rrd69_3 287982 288758
rrd69_3 288759 289721
rrd69_3 290143 290970
rrd69_3 291006 291497
rrd69_3 291615 293228
rrd69_3 293369 294385
rrd69_3 294505 295269
rrd69_3 295314 296621
rrd69_3 296761 297690
rrd69_3 297913 299388
rrd69_3 299439 300161
rrd69_3 300337 301743
rrd69_3 301727 303073
rrd69_3 303099 303431
rrd69_3 303435 303821
rrd69_3 304325 305110
rrd69_3 305124 306164
rrd69_3 306225 307634
rrd69_3 307733 308989
rrd69_3 309110 309391
rrd69_3 309417 310235
rrd69_3 310362 310826
rrd69_3 310841 311962
rrd69_3 311979 313442
rrd69_3 313435 313857
rrd69_3 314091 314600
rrd69_3 314653 315606
rrd69_3 315718 316440
rrd69_3 316433 317089
rrd69_3 317214 317978
rrd69_3 318175 318612
rrd69_3 318780 319673
rrd69_3 319688 319981
rrd69_3 320050 321306
rrd69_3 321326 322309
rrd69_3 322322 323317
rrd69_3 323332 324756
rrd69_3 324746 325867
rrd69_3 325901 326995
rrd69_3 327021 327914
rrd69_3 328040 330112
rrd69_3 330262 330498
rrd69_3 330532 331269
rrd69_3 331389 331499
rrd69_3 331496 332596
rrd69_3 333047 333850
rrd69_3 334134 335411
rrd69_3 335610 337343
rrd69_3 337378 337827
rrd69_3 338195 339049
rrd69_3 339046 340947
rrd69_3 341099 341989
rrd69_3 341979 342239
rrd69_3 342223 343581
rrd69_3 343652 344503
rrd69_3 344518 344910
rrd69_3 345120 345527
rrd69_3 345553 346902
rrd69_3 346914 347396
rrd69_3 347591 348223
rrd69_3 348223 348894
rrd69_3 348887 349519
rrd69_3 349534 350727
rrd69_3 350747 351142
rrd69_3 351157 351363
rrd69_3 351383 351898
rrd69_3 351892 352815
rrd69_3 352882 353163
rrd69_3 353335 353892
rrd69_3 353918 354979
rrd69_3 354976 355419
rrd69_3 355529 356056
rrd69_3 356278 357234
rrd69_3 357273 357668
rrd69_3 357665 358540
rrd69_3 358847 359281
rrd69_3 359367 360203
rrd69_3 360417 360803
rrd69_3 360843 362303
rrd69_3 362296 363642
rrd69_3 363659 364756
rrd69_3 365318 366988
rrd69_3 367003 367800
rrd69_3 367985 368149
rrd69_3 368177 368518
rrd69_3 368586 369386
rrd69_3 369445 370017
rrd69_3 370067 370594
rrd69_3 370847 371173
rrd69_3 371208 371402
rrd69_3 371463 371846
rrd69_3 371843 372340
rrd69_3 372282 372596
rrd69_3 372580 373026
rrd69_3 373019 373312
rrd69_3 373329 374369
rrd69_3 374350 375420
rrd69_3 375886 376755
rrd69_3 376981 377361
rrd69_3 377574 377816
rrd69_3 377865 378503
rrd69_3 378664 378837
rrd69_3 379061 379375
rrd69_3 379453 380706
rrd69_3 381037 382158
rrd69_3 382245 384164
rrd69_3 384377 385330
rrd69_3 385344 385556
rrd69_3 385618 387156
rrd69_3 387243 387416
rrd69_3 387506 387769
rrd69_3 387855 388415
rrd69_3 388465 388614
rrd69_3 389066 389413
rrd69_3 389410 389910
rrd69_3 389955 390737
rrd69_3 390753 391565
rrd69_3 391589 392473
rrd69_3 392473 393399
rrd69_3 393479 394396
rrd69_3 394611 396746
rrd69_3 396869 398155
rrd69_3 398279 398887
rrd69_3 399070 399555
rrd69_3 399699 400451
rrd69_3 400491 401036
rrd69_3 401221 401523
rrd69_3 401630 402745
rrd69_3 402794 403156
rrd69_3 403296 403874
rrd69_3 403899 404816
rrd69_3 404958 405386
rrd69_3 405364 406224
rrd69_3 406224 407000
rrd69_3 407137 408018
rrd69_3 408153 408413
rrd69_3 408463 409356
rrd69_3 409366 410685
rrd69_3 410841 411554
rrd69_3 411711 412655
rrd69_3 412692 413813
rrd69_3 413806 414513
rrd69_3 414643 415002
rrd69_3 415304 416425
rrd69_3 416629 418458
rrd69_3 418492 418992
rrd69_3 419254 420075
rrd69_3 420101 420811
rrd69_3 420906 422951
rrd69_3 422944 423831
rrd69_3 424161 424931
rrd69_3 424967 425110
rrd69_3 425258 426163
rrd69_3 426156 426554
rrd69_3 426667 427053
rrd69_3 427031 427510
rrd69_3 427511 429664
rrd69_3 429740 430699
rrd69_3 430703 431893
rrd69_3 431912 432193
rrd69_3 432400 432897
rrd69_3 432929 433921
rrd69_3 433949 435262
rrd69_3 435404 435853
rrd69_3 435868 436041
rrd69_3 436224 437153
rrd69_3 437196 438557
rrd69_3 438554 439324
rrd69_3 439348 440283
rrd69_3 440306 441439
rrd69_3 441605 443443
rrd69_3 443468 444025
rrd69_3 444089 445120
rrd69_3 445202 446341
rrd69_3 446456 448294
rrd69_3 448460 448792
rrd69_3 448806 450014
rrd69_3 450081 451196
rrd69_3 451395 451661
rrd69_3 451795 452814
rrd69_3 453053 453187
rrd69_3 453227 455584
rrd69_3 455547 456116
rrd69_3 456182 456817
rrd69_3 456908 457756
rrd69_3 457805 458548
rrd69_3 458545 458901
rrd69_3 458914 459477
rrd69_3 459467 460036
rrd69_3 460050 460340
rrd69_3 460334 461176
rrd69_3 461198 462298
rrd69_3 462301 462831
rrd69_3 463185 463325
rrd69_3 463462 463611
rrd69_3 463690 464418
rrd69_3 464490 465230
rrd69_3 465398 466519
rrd69_3 466754 467479
rrd69_3 467970 468629
rrd69_3 469040 469741
rrd69_3 469852 469992
rrd69_3 470121 471461
rrd69_3 471639 472397
rrd69_3 472414 473373
rrd69_3 473370 474206
rrd69_3 474464 474736
rrd69_3 474767 475177
rrd69_3 475292 475627
rrd69_3 475756 475983
rrd69_3 476085 477497
rrd69_3 477652 478206
rrd69_3 478160 478762
rrd69_3 479051 479377
rrd69_3 479446 481215
rrd69_3 481217 481717
rrd69_3 481739 482284
rrd69_3 482277 482945
rrd69_3 482998 483291
rrd69_3 483475 483792
rrd69_3 483829 484041
rrd69_3 484078 485418
rrd69_3 485396 485491
rrd69_3 485503 486924
rrd69_3 486942 487646
rrd69_3 487640 489265
rrd69_3 489538 490650
rrd69_3 490656 491675
rrd69_3 491683 492132
rrd69_3 492233 492958
rrd69_3 493107 493664
rrd69_3 493661 494293
rrd69_3 494484 494834
rrd69_3 494912 495775
rrd69_3 495835 496212
rrd69_3 496231 496578
rrd69_3 496637 497035
rrd69_3 497083 497559
rrd69_3 497599 498282
rrd69_3 498293 498913
rrd69_3 498985 499599
rrd69_3 499624 500007
rrd69_3 500073 500315
rrd69_3 500363 501121
rrd69_3 501415 501810
rrd69_3 501961 502224
rrd69_3 502182 502418
rrd69_3 502602 503360
rrd69_3 503412 504068
rrd69_3 504206 504664
rrd69_3 504814 505602
rrd69_3 505718 506887
rrd69_3 507032 507796
rrd69_3 507793 508653
rrd69_3 508650 509348
rrd69_3 509361 510074
rrd69_3 510110 510940
rrd69_3 511069 512109
rrd69_3 512180 513400
rrd69_3 513773 514522
rrd69_3 514760 515917
rrd69_3 515914 517350
rrd69_3 517487 518380
rrd69_3 518519 519640
rrd69_3 519633 520799
rrd69_3 520819 521763
rrd69_3 521973 523187
rrd69_3 523614 524216
rrd69_3 524484 524609
rrd69_3 524653 524814
rrd69_3 524974 525108
rrd69_3 525554 525850
rrd69_3 525857 527005
rrd69_3 527007 527930
rrd69_3 527977 528672
rrd69_3 528688 529329
rrd69_3 529484 529723
rrd69_3 529860 530525
rrd69_3 530593 532335
rrd69_3 532386 532859
rrd69_3 533510 534142
rrd69_3 534150 535418
rrd69_3 535439 536368
rrd69_3 536365 537030
rrd69_3 537243 538325
rrd69_3 538399 539487
rrd69_3 539475 540932
rrd69_3 540932 541498
rrd69_3 541654 541938
rrd69_3 541954 542370
rrd69_3 542374 542640
rrd69_3 542730 545366
rrd69_3 545697 546761
rrd69_3 546987 547715
rrd69_3 547730 548539
rrd69_3 548620 549273
rrd69_3 549289 549939
rrd69_3 549978 550109
rrd69_3 550130 550321
rrd69_3 550335 550793
rrd69_3 550884 553268
rrd69_3 553288 553941
rrd69_3 554003 555121
rrd69_3 555216 556358
rrd69_3 556377 556796
rrd69_3 557004 558269
rrd69_3 558302 559066
rrd69_3 559417 561201
rrd69_3 561214 562488
rrd69_3 562860 563030
rrd69_3 563168 564748
rrd69_3 564846 565289
rrd69_3 565308 567518
rrd69_3 567661 568173
rrd69_3 568197 570530
rrd69_3 570612 570968
rrd69_3 571068 571556
rrd69_3 571757 573985
rrd69_3 574027 574323
rrd69_3 574428 575990
rrd69_3 575992 576654
rrd69_3 576820 577197
rrd69_3 577247 577513
rrd69_3 577561 578706
rrd69_3 578738 579766
rrd69_3 579801 580001
rrd69_3 579994 580998
rrd69_3 581010 581615
rrd69_3 581763 582236
rrd69_3 582502 583146
rrd69_3 583380 583562
rrd69_3 583755 583904
rrd69_3 583935 585695
rrd69_3 586170 586802
rrd69_3 586850 587470
rrd69_3 587604 588800
rrd69_3 588932 590041
rrd69_3 590028 590891
rrd69_3 590873 592444
rrd69_3 592543 593685
rrd69_3 593688 594227
rrd69_3 594251 595129
rrd69_3 595148 595591
rrd69_3 595647 596933
rrd69_3 596955 597548
rrd69_3 597826 598110
rrd69_3 598123 598461
rrd69_3 598476 598784
rrd69_3 598937 599746
rrd69_3 599799 600590
rrd69_3 600700 601503
rrd69_3 601506 602189
rrd69_3 602244 602762
rrd69_3 602759 603658
rrd69_3 603686 604705
rrd69_3 604796 605485
rrd69_3 605519 606088
rrd69_3 606266 607276
rrd69_3 607440 608171
rrd69_3 608321 609619
rrd69_3 609691 612333
rrd69_3 612792 612980
rrd69_3 613063 614094
rrd69_3 614132 615376
rrd69_3 615708 617000
rrd69_3 617028 617999
rrd69_3 617996 618787
rrd69_3 618784 619719
rrd69_3 619757 620587
rrd69_3 620595 621977
rrd69_3 622203 622688
rrd69_3 622732 623319
rrd69_3 623316 625640
rrd69_3 625812 627473
rrd69_3 627612 628877
rrd69_3 629129 630403
rrd69_3 630644 631651
rrd69_3 631775 632374
rrd69_3 632390 633805
rrd69_3 633848 634945
rrd69_3 634964 636517
rrd69_3 636504 637532
rrd69_3 637551 638069
rrd69_3 638066 639790
rrd69_3 640169 641083
rrd69_3 641516 642559
rrd69_3 642755 643174
rrd69_3 643270 644436
rrd69_3 644436 644672
rrd69_3 644694 645878
rrd69_3 645875 647380
rrd69_3 647395 647538
rrd69_3 647879 648274
rrd69_3 648503 648682
rrd69_3 648876 649064
rrd69_3 649159 650721
rrd69_3 650738 651076
rrd69_3 651677 652237
rrd69_3 652847 653578
rrd69_3 653611 653934
rrd69_3 654030 656969
rrd69_3 656966 658150
rrd69_3 658140 659621
rrd69_3 659877 660884
rrd69_3 661211 661735
rrd69_3 661750 662343
rrd69_3 662363 663091
rrd69_3 663243 664304
rrd69_3 664406 665221
rrd69_3 665232 665672
rrd69_3 665822 666046
rrd69_3 666253 667569
rrd69_3 667725 668585
rrd69_3 668721 669851
rrd69_3 669991 670764
rrd69_3 670779 671237
rrd69_3 671361 672125
rrd69_3 672127 673887
rrd69_3 673925 674533
rrd69_3 674817 675260
rrd69_3 675429 676664
rrd69_3 677035 678807
rrd69_3 678947 679261
rrd69_3 679508 680986
rrd69_3 681062 682039
rrd69_3 682084 682857
rrd69_3 682889 683668
rrd69_3 683694 684278
rrd69_3 684453 686162
rrd69_3 686263 686718
rrd69_3 686881 687285
rrd69_3 687300 689660
rrd69_3 689679 691391
rrd69_3 691506 692039
rrd69_3 692047 692304
rrd69_3 692439 693362
rrd69_3 693608 696022
rrd69_3 696038 697072
rrd69_3 697449 698192
rrd69_3 698306 698527
rrd69_3 698573 700369
rrd69_3 700719 701807
rrd69_3 701987 702391
rrd69_3 702409 702675
rrd69_3 702739 703098
rrd69_3 703130 703330
rrd69_3 703356 703871
rrd69_3 704411 704986
rrd69_3 705123 705902
rrd69_3 705958 706878
rrd69_3 707050 708990
rrd69_3 709327 710196
rrd69_3 710257 710895
rrd69_3 710928 711857
rrd69_3 711875 713296
rrd69_3 713396 713854
rrd69_3 713859 714245
rrd69_3 714431 714811
rrd69_3 715047 716069
rrd69_3 716242 716847
rrd69_3 716861 717493
rrd69_3 717668 718501
rrd69_3 718527 721166
rrd69_3 721421 723163
rrd69_3 723156 723884
rrd69_3 724072 725010
rrd69_3 725045 726316
rrd69_3 726463 727581
rrd69_3 727957 728421
rrd69_3 728522 729640
rrd69_3 729665 730054
rrd69_3 730155 731915
rrd69_3 731943 732902
rrd69_3 733242 734219
rrd69_3 734204 735079
rrd69_3 735385 736617
rrd69_3 736759 740094
rrd69_3 740232 740573
rrd69_3 740570 741073
rrd69_3 741183 741368
rrd69_3 741418 742359
rrd69_3 742507 742809
rrd69_3 743011 744333
rrd69_3 744478 745161
rrd69_3 745228 746118
rrd69_3 746079 746984
rrd69_3 747103 748476
rrd69_3 748473 749684
rrd69_3 749857 750372
rrd69_3 750472 751656
rrd69_3 751886 752860
rrd69_3 752949 753449
rrd69_3 753562 754014
rrd69_3 754029 754754
rrd69_3 754837 755361
rrd69_3 755376 756377
rrd69_3 756825 757628
rrd69_3 757894 759336
rrd69_3 759526 760581
rrd69_3 760696 761832
rrd69_3 761829 762428
rrd69_3 762619 763542
rrd69_3 763652 764341
rrd69_3 764341 765345
rrd69_3 765420 766664
rrd69_3 766655 766999
rrd69_3 767298 768059
rrd69_3 768049 769986
rrd69_3 770026 771378
rrd69_3 771484 772071
rrd69_3 772188 772622
rrd69_3 773052 773666
rrd69_3 773803 775383
rrd69_3 775604 775816
rrd69_3 775906 777111
rrd69_3 777116 778258
rrd69_3 778461 779804
rrd69_3 780014 781357
rrd69_3 781398 783101
rrd69_3 783438 784253
rrd69_3 784223 784888
rrd69_3 785015 785515
rrd69_3 785826 786428
rrd69_3 787085 787648
rrd69_3 787657 788226
rrd69_3 788306 788518
rrd69_3 788614 789255
rrd69_3 789465 789803
rrd69_3 789935 791203
rrd69_3 791552 793276
rrd69_3 793432 794064
rrd69_3 794102 794743
rrd69_3 794716 795900
rrd69_3 795943 796944
rrd69_3 797395 798480
rrd69_3 798685 799008
rrd69_3 799039 799509
rrd69_3 799539 799955
rrd69_3 800179 801477
rrd69_3 801780 804545
rrd69_3 804745 805350
rrd69_3 805367 806179
rrd69_3 806198 806518
rrd69_3 806505 807533
rrd69_3 807734 808180
rrd69_3 808224 809297
rrd69_3 809497 809811
rrd69_3 809852 811549
rrd69_3 811623 812471
rrd69_3 812589 813230
rrd69_3 813420 813695
rrd69_3 813692 814492
rrd69_3 814777 815706
rrd69_3 815754 816689
rrd69_3 816715 817266
rrd69_3 817357 818289
rrd69_3 818346 818966
rrd69_3 818994 820394
rrd69_3 820489 821787
rrd69_3 822157 822378
rrd69_3 822500 823216
rrd69_3 823233 824855
rrd69_3 825031 826302
rrd69_3 826299 826496
rrd69_3 826637 828169
rrd69_3 828303 828827
rrd69_3 828859 829173
rrd69_3 829143 829454
rrd69_3 829509 830192
rrd69_3 830217 831506
rrd69_3 831525 832049
rrd69_3 832046 833158
rrd69_3 833177 834142
rrd69_3 834374 836674
rrd69_3 836710 837081
rrd69_3 837236 838423
rrd69_3 838437 839276
rrd69_3 839321 840820
rrd69_3 840846 841724
rrd69_3 841925 842677
rrd69_3 842730 843632
rrd69_3 843763 846177
rrd69_3 846599 846928
rrd69_3 847354 848157
rrd69_3 848242 848940
rrd69_3 849001 850311
rrd69_3 850301 850999
rrd69_3 851021 852004
rrd69_3 851998 852876
rrd69_3 852869 853261
rrd69_3 853279 853458
rrd69_3 853724 854056
rrd69_3 854206 854481
rrd69_3 854634 855599
rrd69_3 855596 856174
rrd69_3 856194 856970
rrd69_3 857202 858314
rrd69_3 858311 859090
rrd69_3 859136 859651
rrd69_3 859793 861691
rrd69_3 861840 863042
rrd69_3 863599 865185
rrd69_3 865226 865468
rrd69_3 865508 866302
rrd69_3 866329 867810
rrd69_3 867807 868934
rrd69_3 868919 869665
rrd69_3 869634 870362
rrd69_3 870536 871537
rrd69_3 871553 872323
rrd69_3 872310 873104
rrd69_3 873135 873611
rrd69_3 873858 874511
rrd69_3 874534 875316
rrd69_3 875510 875818
rrd69_3 875862 876266
rrd69_3 876424 876615
rrd69_3 876740 877177
rrd69_3 877309 877455
rrd69_3 877464 877901
rrd69_3 878024 878497
rrd69_3 878626 878850
rrd69_3 878852 879418
rrd69_3 879632 880624
rrd69_3 880702 880944
rrd69_3 881120 882451
rrd69_3 882468 883520
rrd69_3 883526 883747
rrd69_3 883773 883964
rrd69_3 884070 885194
rrd69_3 885181 886638
rrd69_3 886712 887530
rrd69_3 887545 888375
rrd69_3 888360 890102
rrd69_3 890095 891513
rrd69_3 891897 892835
rrd69_3 892954 893688
rrd69_3 893776 894252
rrd69_4 367 831
rrd69_4 846 1403
rrd69_4 1408 2499
rrd69_4 2496 4931
rrd69_4 5025 6404
rrd69_4 6407 7486
rrd69_4 7616 8740
rrd69_4 8754 9443
rrd69_4 9447 9923
rrd69_4 10018 11469
rrd69_4 11592 12434
rrd69_4 12431 13831
rrd69_4 13835 14266
rrd69_4 14250 14999
rrd69_4 15002 15514
rrd69_4 15578 16234
rrd69_4 16311 16460
rrd69_4 16495 16671
rrd69_4 16843 17376
rrd69_4 17548 17973
rrd69_4 18073 18771
rrd69_4 19028 19528
rrd69_4 19571 19936
rrd69_4 20033 20638
rrd69_4 20894 24475
rrd69_4 24537 28136
rrd69_4 28283 28531
rrd69_4 28645 29064
rrd69_4 29186 29656
rrd69_4 29711 31789
rrd69_4 31907 33097
rrd69_4 33206 34165
rrd69_4 34384 34692
rrd69_4 34730 35359
rrd69_4 35387 36010
rrd69_4 36010 36297
rrd69_4 36326 37159
rrd69_4 37217 37495
rrd69_4 37513 37854
rrd69_4 37858 38514
rrd69_4 38516 38950
rrd69_4 38940 39140
rrd69_4 39166 39429
rrd69_4 39469 39837
rrd69_4 39873 40184
rrd69_4 40210 40749
rrd69_4 40772 40957
rrd69_4 40989 41387
rrd69_4 41419 41955
rrd69_4 41988 42350
rrd69_4 42375 42875
rrd69_4 42889 43071
rrd69_4 43102 43542
rrd69_4 43544 44836
rrd69_4 44892 45545
rrd69_4 45542 46288
rrd69_4 46295 46621
rrd69_4 46599 46817
rrd69_4 46849 46962
rrd69_4 46984 47349
rrd69_4 47370 47765
rrd69_4 47941 48885
rrd69_4 48961 49323
rrd69_4 49448 50290
rrd69_4 50266 51135
rrd69_4 51132 51929
rrd69_4 51941 52684
rrd69_4 52849 53286
rrd69_4 53307 53699
rrd69_4 54172 54453
rrd69_4 54817 55185
rrd69_4 55209 56519
rrd69_4 56531 57610
rrd69_4 58100 58543
rrd69_4 58602 59315
rrd69_4 59419 60477
rrd69_4 60516 61094
rrd69_4 61185 61787
rrd69_4 61780 62544
rrd69_4 68726 68848
rrd69_4 68898 69863
rrd69_4 70201 71640
rrd69_4 71702 72667
rrd69_4 72706 73953
rrd69_4 73965 75884
rrd69_4 75898 77253
rrd69_4 77266 78645
rrd69_4 78642 79511
rrd69_4 79524 80435
rrd69_4 81214 82125
rrd69_4 82311 82874
rrd69_4 82889 83515
rrd69_4 83720 84541
rrd69_4 84534 85940
rrd69_4 85966 87312
rrd69_4 87890 89692
rrd69_4 90157 90513
rrd69_4 90675 90866
rrd69_4 90881 91798
rrd69_4 91798 92559
rrd69_4 92715 93434
rrd69_4 93403 95868
rrd69_4 95874 96386
rrd69_4 96512 96872
rrd69_4 96944 97138
rrd69_4 97204 98724
rrd69_4 98725 99246
rrd69_4 99315 100235
rrd69_4 100235 100924
rrd69_4 100938 101366
rrd69_4 101557 101853
rrd69_4 101854 102147
rrd69_4 102250 102399
rrd69_4 102425 102574
rrd69_4 102618 102767
rrd69_4 102810 102959
rrd69_4 103002 103151
rrd69_4 103194 103343
rrd69_4 103718 104845
rrd69_4 105019 105390
rrd69_4 105396 106271
rrd69_4 106255 106860
rrd69_4 107045 107263
rrd69_4 107260 107559
rrd69_4 107615 108559
rrd69_4 108665 109555
rrd69_4 109685 110317
rrd69_4 110346 111017
rrd69_4 111024 111803
rrd69_4 112023 113411
rrd69_4 113450 114331
rrd69_4 114424 115758
rrd69_4 115977 116747
rrd69_4 116900 118963
rrd69_4 119562 120017
rrd69_4 120264 121496
rrd69_4 121600 122436
rrd69_4 122759 123268
rrd69_4 123265 123933
rrd69_4 123948 124760
rrd69_4 124747 125553
rrd69_4 125660 126097
rrd69_4 126109 126735
rrd69_4 126832 127665
rrd69_4 127866 128126
rrd69_4 128253 128735
rrd69_4 128750 129106
rrd69_4 129160 129720
rrd69_4 129736 130863
rrd69_4 130898 131128
rrd69_4 131187 131963
rrd69_4 132017 132193
rrd69_4 132504 133937
rrd69_4 134515 135687
rrd69_4 135730 136107
rrd69_4 136245 137012
rrd69_4 137220 137678
rrd69_4 137785 138030
rrd69_4 138027 138488
rrd69_4 138518 138934
rrd69_4 139232 140059
rrd69_4 140110 141192
rrd69_4 141392 142360
rrd69_4 142703 144322
rrd69_4 144357 144557
rrd69_4 144743 145579
rrd69_4 145816 147675
rrd69_4 147695 149116
rrd69_4 149275 149460
rrd69_4 149581 149997
rrd69_4 150059 151978
rrd69_4 151975 152859
rrd69_4 152917 155580
rrd69_4 155609 156727
rrd69_4 156764 157093
rrd69_4 157090 157548
rrd69_4 157791 160457
rrd69_4 160566 161048
rrd69_4 161396 162016
rrd69_4 162130 163533
rrd69_4 163580 164527
rrd69_4 164856 165686
rrd69_4 165794 166111
rrd69_4 166104 166691
rrd69_4 166688 166858
rrd69_4 166872 168089
rrd69_4 168301 168837
rrd69_4 168897 169103
rrd69_4 169218 169754
rrd69_4 169792 171423
rrd69_4 171594 173078
rrd69_4 173122 173685
rrd69_4 173766 174788
rrd69_4 174949 176082
rrd69_4 176104 176541
rrd69_4 176804 178312
rrd69_4 178380 179762
rrd69_4 179863 180228
rrd69_4 180342 181202
rrd69_4 181242 182669
rrd69_4 182703 183683
rrd69_4 184063 185487
rrd69_4 185492 186430
rrd69_4 186624 187715
rrd69_4 187764 188804
rrd69_4 189271 190200
rrd69_4 190236 191201
rrd69_4 191213 191914
rrd69_4 192075 192815
rrd69_4 192815 193996
rrd69_4 194069 194314
rrd69_4 194619 195680
rrd69_4 196220 196648
rrd69_4 196761 197543
rrd69_4 197563 198603
rrd69_4 198816 199811
rrd69_4 200226 200828
rrd69_4 200850 201431
rrd69_4 201473 202051
rrd69_4 202192 202971
rrd69_4 203054 204247
rrd69_4 204237 205562
rrd69_4 205555 206664
rrd69_4 206661 207476
rrd69_4 207547 209163
rrd69_4 209178 210272
rrd69_4 210674 211939
rrd69_4 211941 212795
rrd69_4 212795 213676
rrd69_4 213716 214591
rrd69_4 214677 215399
rrd69_4 215447 216574
rrd69_4 216728 218158
rrd69_4 218376 219323
rrd69_4 219367 220989
rrd69_4 221239 222228
rrd69_4 222338 223663
rrd69_4 223638 224504
rrd69_4 224501 225547
rrd69_4 225572 226792
rrd69_4 226918 227547
rrd69_4 227667 228050
rrd69_4 228556 229314
rrd69_4 229309 230658
rrd69_4 230741 231337
rrd69_4 231533 232354
rrd69_4 232679 233536
rrd69_4 233533 234966
rrd69_4 234982 235749
rrd69_4 235788 237548
rrd69_4 237572 237952
rrd69_4 238040 239242
rrd69_4 239288 240598
rrd69_4 240840 242201
rrd69_4 242345 243118
rrd69_4 243204 243761
rrd69_4 243802 244575
rrd69_4 244682 245599
rrd69_4 245798 246583
rrd69_4 246793 247755
rrd69_4 247826 248140
rrd69_4 248201 249004
rrd69_4 249166 250083
rrd69_4 250107 251654
rrd69_4 251780 253012
rrd69_4 253142 254440
rrd69_4 254665 255342
rrd69_4 255355 256227
rrd69_4 256409 256738
rrd69_4 256785 257549
rrd69_4 257665 258084
rrd69_4 258109 258915
rrd69_4 258917 259303
rrd69_4 259440 261137
rrd69_4 261264 261692
rrd69_4 262061 264130
rrd69_4 264120 266105
rrd69_4 266102 267187
rrd69_4 267196 268287
rrd69_4 268287 269156
rrd69_4 269149 269952
rrd69_4 270562 281277
rrd69_4 281297 291991
rrd69_4 292037 295870
rrd69_4 295933 306075
rrd69_4 306089 314287
rrd69_4 314294 315034
rrd69_4 315114 315806
rrd69_4 315815 317242
rrd69_4 317343 318269
rrd69_4 318401 319738
rrd69_4 319725 320426
rrd69_4 320570 321430
rrd69_4 321456 322046
rrd69_4 322132 322776
rrd69_4 322920 323663
rrd69_4 323676 324368
rrd69_4 324355 325170
rrd69_4 325532 326152
rrd69_4 326441 327874
rrd69_4 327919 329412
rrd69_4 329676 331460
rrd69_4 331659 332984
rrd69_4 333002 333505
rrd69_4 333528 334322
rrd69_4 334347 335021
rrd69_4 335034 335780
rrd69_4 335814 336971
rrd69_4 336962 338296
rrd69_4 338569 339117
rrd69_4 339485 340180
rrd69_4 340170 341597
rrd69_4 341785 342630
rrd69_4 342783 344159
rrd69_4 344334 345767
rrd69_4 345784 346650
rrd69_4 346789 347163
rrd69_4 347287 347598
rrd69_4 347679 348230
rrd69_4 348327 349061
rrd69_4 349128 350552
rrd69_4 350655 351977
rrd69_4 351999 353387
rrd69_4 353362 354756
rrd69_4 354802 355398
rrd69_4 355529 356140
rrd69_4 356157 357791
rrd69_4 358297 359739
rrd69_4 359835 360269
rrd69_4 360271 361392
rrd69_4 361691 363439
rrd69_4 363486 364352
rrd69_4 364310 365287
rrd69_4 365303 365767
rrd69_4 366118 366510
rrd69_4 366755 366997
rrd69_4 367029 367322
rrd69_4 367348 367725
rrd69_4 367935 368174
rrd69_4 368278 369057
rrd69_4 369617 370048
rrd69_4 370263 371324
rrd69_4 371351 371980
rrd69_4 372129 372509
rrd69_4 372582 373214
rrd69_4 373448 373840
rrd69_4 373902 374255
rrd69_4 374475 374894
rrd69_4 374909 375340
rrd69_4 375451 376584
rrd69_4 376574 376705
rrd69_4 376776 377285
rrd69_4 377312 378127
rrd69_4 378797 379555
rrd69_4 379580 380797
rrd69_4 380802 381593
rrd69_4 381613 382359
rrd69_4 382356 383360
rrd69_4 383375 384148
rrd69_4 384183 384818
rrd69_4 385233 385865
rrd69_4 385953 387035
rrd69_4 387157 389244
rrd69_4 389261 389872
rrd69_4 390028 390897
rrd69_4 391192 391614
rrd69_4 392180 392362
rrd69_4 392737 395004
rrd69_4 395063 395359
rrd69_4 395489 396163
rrd69_4 396317 397138
rrd69_4 397135 398067
rrd69_4 398165 399220
rrd69_4 399293 401479
rrd69_4 401677 402759
rrd69_4 402740 403591
rrd69_4 403581 405296
rrd69_4 405289 406557
rrd69_4 406562 408643
rrd69_4 408970 410796
rrd69_4 410867 412588
rrd69_4 412823 414454
rrd69_4 414469 414780
rrd69_4 414852 415073
rrd69_4 415115 415378
rrd69_4 415478 416047
rrd69_4 416115 417392
rrd69_4 417622 417882
rrd69_4 418046 418876
rrd69_4 418901 419998
rrd69_4 420066 421685
rrd69_4 421682 422365
rrd69_4 422490 423758
rrd69_4 423969 424991
rrd69_4 425267 426508
rrd69_4 426635 427561
rrd69_4 427539 428306
rrd69_4 428424 428759
rrd69_4 428858 429007
rrd69_4 429346 429666
rrd69_4 429852 430934
rrd69_4 431016 432380
rrd69_4 432407 433105
rrd69_4 433226 433564
rrd69_4 433731 435221
rrd69_4 435332 435811
rrd69_4 435804 437297
rrd69_4 437353 437958
rrd69_4 438053 438418
rrd69_4 438588 439595
rrd69_4 439724 440905
rrd69_4 441199 441480
rrd69_4 441485 441835
rrd69_4 441950 442780
rrd69_4 442785 443153
rrd69_4 443156 443557
rrd69_4 443568 444575
rrd69_4 444635 444964
rrd69_4 444961 445449
rrd69_4 445415 446203
rrd69_4 446203 446802
rrd69_4 446879 449038
rrd69_4 449058 449192
rrd69_4 449292 449759
rrd69_4 450765 453134
rrd69_4 453342 453545
rrd69_4 453825 454286
rrd69_4 454537 455586
rrd69_4 455810 456211
rrd69_4 456254 456985
rrd69_4 457230 457940
rrd69_4 458155 458733
rrd69_4 458806 460245
rrd69_4 460435 461328
rrd69_4 461478 461855
rrd69_4 461967 462728
rrd69_4 463447 464595
rrd69_4 464630 465523
rrd69_4 465580 466032
rrd69_4 466459 467064
rrd69_4 467096 468298
rrd69_4 468333 468749
rrd69_4 468746 469186
rrd69_4 469345 470136
rrd69_4 470128 470601
rrd69_4 470653 470922
rrd69_4 470935 471459
rrd69_4 471456 471851
rrd69_4 471920 472543
rrd69_4 472693 473244
rrd69_4 473324 473863
rrd69_4 473973 474446
rrd69_4 474430 475053
rrd69_4 475071 476123
rrd69_4 476473 476766
rrd69_4 476808 477362
rrd69_4 477476 478063
rrd69_4 478068 478619
rrd69_4 478746 478931
rrd69_4 479081 479743
rrd69_4 479780 480100
rrd69_4 480097 480822
rrd69_4 481118 481993
rrd69_4 482073 483092
rrd69_4 483132 484382
rrd69_4 484453 484617
rrd69_4 490390 491367
rrd69_4 491380 491856
rrd69_4 491837 492526
rrd69_4 492510 492980
rrd69_4 492973 494001
rrd69_4 494476 496398
rrd69_4 496537 497028
rrd69_4 497044 497697
rrd69_4 497725 497904
rrd69_4 497920 498675
rrd69_4 498715 499341
rrd69_4 499399 499593
rrd69_4 499590 500324
rrd69_4 500554 500838
rrd69_4 500895 502529
rrd69_4 502901 503353
rrd69_4 503376 503987
rrd69_4 504023 504895
rrd69_4 505106 505531
rrd69_4 505577 505927
rrd69_4 506066 506533
rrd69_4 506855 507529
rrd69_4 507740 508108
rrd69_4 508182 509231
rrd69_4 509450 509824
rrd69_4 510093 511622
rrd69_4 511720 513108
rrd69_4 513591 514490
rrd69_4 514593 515555
rrd69_4 515552 516742
rrd69_4 516754 518952
rrd69_4 519137 520678
rrd69_4 520753 521238
rrd69_4 521327 522385
rrd69_4 522386 524050
rrd69_4 524777 525649
rrd69_4 525663 526235
rrd69_4 526354 527286
rrd69_4 527306 528034
rrd69_4 528130 528540
rrd69_4 528546 528998
rrd69_4 529014 529583
rrd69_4 529625 529774
rrd69_4 529954 530499
rrd69_4 530468 531898
rrd69_4 531917 533104
rrd69_4 533205 534074
rrd69_4 534457 535782
rrd69_4 535989 536150
rrd69_4 536169 536351
rrd69_4 536569 537366
rrd69_4 537671 538225
rrd69_4 538222 538422
rrd69_4 538773 539261
rrd69_4 539254 540396
rrd69_4 540393 541688
rrd69_4 541761 542483
rrd69_4 542476 542730
rrd69_4 542727 543410
rrd69_4 543394 545625
rrd69_4 545601 547031
rrd69_4 547128 548168
rrd69_4 548165 548734
rrd69_4 548750 550288
rrd69_4 550301 551575
rrd69_4 551697 551891
rrd69_4 551907 552752
rrd69_4 552747 554405
rrd69_4 554597 555961
rrd69_4 555974 556660
rrd69_4 556636 557301
rrd69_4 557316 558581
rrd69_4 558607 558828
rrd69_4 558954 560696
rrd69_4 561228 561542
rrd69_4 561607 562137
rrd69_4 562231 563811
rrd69_4 563951 564181
rrd69_4 564162 564575
rrd69_4 564858 565550
rrd69_4 565608 567830
rrd69_4 567875 569881
rrd69_4 569897 571084
rrd69_4 571248 572255
rrd69_4 572300 572992
rrd69_4 573161 574642
rrd69_4 575032 575322
rrd69_4 575337 576794
rrd69_4 576808 578238
rrd69_4 578421 579266
rrd69_4 579398 582604
rrd69_4 582831 583784
rrd69_4 583966 584874
rrd69_4 584933 586321
rrd69_4 586780 588390
rrd69_4 588374 589444
rrd69_4 589477 590271
rrd69_4 590372 590671
rrd69_4 590668 591450
rrd69_4 591666 592640
rrd69_4 592841 593392
rrd69_4 593475 593846
rrd69_4 594028 594465
rrd69_4 594531 595445
rrd69_4 595456 595656
rrd69_4 595770 596417
rrd69_4 596451 597779
rrd69_4 597984 598715
rrd69_4 598729 599931
rrd69_4 600078 600557
rrd69_4 600590 601498
rrd69_4 601602 602801
rrd69_4 602865 603944
rrd69_4 604145 604294
rrd69_4 604649 605413
rrd69_4 605418 606389
rrd69_4 606402 607313
rrd69_4 607310 608500
rrd69_4 608501 609430
rrd69_4 609466 610704
rrd69_4 610850 612889
rrd69_4 613139 614551
rrd69_4 614483 614887
rrd69_4 614979 615206
rrd69_4 615187 615666
rrd69_4 615732 615989
rrd69_4 615996 616229
rrd69_4 616266 617657
rrd69_4 617836 618909
rrd69_4 619043 620935
rrd69_4 620964 621860
rrd69_4 622004 622429
rrd69_4 622487 623677
rrd69_4 623724 625277
rrd69_4 625430 626572
rrd69_4 626611 627615
rrd69_4 627737 628114
rrd69_4 628337 628684
rrd69_4 629825 630481
rrd69_4 630502 630612
rrd69_4 631018 631743
rrd69_4 631776 632579
rrd69_4 632584 634341
rrd69_4 634623 635705
rrd69_4 635822 638686
rrd69_4 638828 640423
rrd69_4 640427 641125
rrd69_4 641128 642105
rrd69_4 642297 643595
rrd69_4 643777 645417
rrd69_4 645481 645966
rrd69_4 646080 646637
rrd69_4 646742 647848
rrd69_4 647949 648374
rrd69_4 648389 648661
rrd69_4 648784 649434
rrd69_4 649476 649613
rrd69_4 649748 649909
rrd69_4 650172 650921
rrd69_4 651112 652476
rrd69_4 652495 652782
rrd69_4 652854 653321
rrd69_4 653689 654192
rrd69_4 654235 654822
rrd69_4 654917 656899
rrd69_4 657478 659136
rrd69_4 659168 660892
rrd69_4 660975 661361
rrd69_4 661524 662957
rrd69_4 662973 664673
rrd69_4 664693 665409
rrd69_4 665474 665908
rrd69_4 666123 670403
rrd69_4 670658 671176
rrd69_4 671284 671499
rrd69_4 671575 672930
rrd69_4 673105 673575
rrd69_4 673596 673928
rrd69_4 673947 674765
rrd69_4 674829 674936
rrd69_4 674973 675482
rrd69_4 675497 676660
rrd69_4 676736 677113
rrd69_4 677179 678246
rrd69_4 678296 679096
rrd69_4 679471 680190
rrd69_4 680323 680724
rrd69_4 680825 681661
rrd69_4 681669 682790
rrd69_4 682938 683129
rrd69_4 683232 684023
rrd69_4 684056 684550
rrd69_4 684584 685543
rrd69_4 685675 686181
rrd69_4 686615 687484
rrd69_4 687587 688972
rrd69_4 689094 689504
rrd69_4 689558 690049
rrd69_4 690184 691011
rrd69_4 691038 692225
rrd69_4 692416 693246
rrd69_4 693486 694055
rrd69_4 694087 695361
rrd69_4 695731 696012
rrd69_4 696065 697573
rrd69_4 698309 704425
rrd69_4 704447 705049
rrd69_4 705015 705368
rrd69_4 705858 706499
rrd69_4 706540 706854
rrd69_4 706855 707199
rrd69_4 707280 707921
rrd69_4 708032 708580
rrd69_4 708577 709041
rrd69_4 709192 709821
rrd69_4 709974 711014
rrd69_4 711090 712694
rrd69_4 712806 713732
rrd69_4 713745 715460
rrd69_4 715712 716038
rrd69_4 716393 716962
rrd69_4 716959 717717
rrd69_4 717817 718314
rrd69_4 718404 719411
rrd69_4 719425 719952
rrd69_4 719965 720228
rrd69_4 720267 720746
rrd69_4 720915 723485
rrd69_4 723579 724127
rrd69_4 724467 724934
rrd69_4 724970 726226
rrd69_4 726420 727085
rrd69_4 727120 727275
rrd69_4 727337 727447
rrd69_4 727500 728396
rrd69_4 728492 729283
rrd69_4 729287 729601
rrd69_4 729829 730002
rrd69_4 730028 730177
rrd69_4 730294 730566
rrd69_4 730868 731851
rrd69_4 731942 734533
rrd69_4 734557 735690
rrd69_4 735897 736364
rrd69_4 736369 736791
rrd69_4 736860 738023
rrd69_4 738118 738282
rrd69_4 738449 739051
rrd69_4 739005 739220
rrd69_4 739248 740228
rrd69_4 740420 741520
rrd69_4 741507 741731
rrd69_4 741813 742565
rrd69_4 742623 742790
rrd69_4 742965 743225
rrd69_4 743373 743903
rrd69_4 743999 745741
rrd69_4 745854 746876
rrd69_4 746845 747822
rrd69_4 747797 749383
rrd69_4 749445 750446
rrd69_4 750465 751361
rrd69_4 751583 752656
rrd69_4 752904 754199
rrd69_4 754329 754796
rrd69_4 754872 755393
rrd69_4 755429 755776
rrd69_4 755966 756844
rrd69_5 1 926
rrd69_5 1017 2018
rrd69_5 2011 2244
rrd69_5 2196 2699
rrd69_5 2696 3058
rrd69_5 3051 3908
rrd69_5 3918 4766
rrd69_5 4763 5356
rrd69_5 5370 6788
rrd69_5 6913 7836
rrd69_5 7914 8822
rrd69_5 8869 9744
rrd69_5 9760 10548
rrd69_5 10700 12604
rrd69_5 12700 13239
rrd69_5 13255 14658
rrd69_5 14755 15768
rrd69_5 15749 16483
rrd69_5 16560 19043
rrd69_5 19596 19994
rrd69_5 20077 20451
rrd69_5 20470 21108
rrd69_5 21105 21413
rrd69_5 21488 21748
rrd69_5 21745 23229
rrd69_5 23219 24823
rrd69_5 25028 25564
rrd69_5 25704 29237
rrd69_5 29305 29535
rrd69_5 29591 30157
rrd69_5 30298 30924
rrd69_5 31063 32016
rrd69_5 32039 33409
rrd69_5 33608 33904
rrd69_5 34129 34506
rrd69_5 34545 35378
rrd69_5 35434 36303
rrd69_5 36451 36729
rrd69_5 36798 37055
rrd69_5 37269 38153
rrd69_5 38288 39166
rrd69_5 39159 39719
rrd69_5 39880 41082
rrd69_5 41327 42094
rrd69_5 42176 44176
rrd69_5 44702 44986
rrd69_5 45031 45912
rrd69_5 45887 46186
rrd69_5 46173 46916
rrd69_5 46972 47325
rrd69_5 47340 48167
rrd69_5 48170 49159
rrd69_5 49171 49611
rrd69_5 49624 49953
rrd69_5 50033 50671
rrd69_5 50668 52074
rrd69_5 52152 53216
rrd69_5 53238 53852
rrd69_5 53981 54172